2024-03-20 19:47:02,777 DEBUG [background-preinit][LoggerProviders.java:152] - Logging Provider: org.jboss.logging.Log4j2LoggerProvider
2024-03-20 19:47:02,777 DEBUG [background-preinit][LoggerProviders.java:152] - Logging Provider: org.jboss.logging.Log4j2LoggerProvider
2024-03-20 19:47:02,808 INFO [background-preinit][Version.java:21] - HV000001: Hibernate Validator 6.1.6.Final
2024-03-20 19:47:02,808 INFO [background-preinit][Version.java:21] - HV000001: Hibernate Validator 6.1.6.Final
2024-03-20 19:47:02,829 DEBUG [background-preinit][ValidationXmlParser.java:120] - Trying to load META-INF/validation.xml for XML based Validator configuration.
2024-03-20 19:47:02,829 DEBUG [background-preinit][ValidationXmlParser.java:120] - Trying to load META-INF/validation.xml for XML based Validator configuration.
2024-03-20 19:47:02,833 DEBUG [background-preinit][ResourceLoaderHelper.java:60] - Trying to load META-INF/validation.xml via TCCL
2024-03-20 19:47:02,833 DEBUG [background-preinit][ResourceLoaderHelper.java:60] - Trying to load META-INF/validation.xml via TCCL
2024-03-20 19:47:02,835 DEBUG [background-preinit][ResourceLoaderHelper.java:66] - Trying to load META-INF/validation.xml via Hibernate Validator's class loader
2024-03-20 19:47:02,835 DEBUG [background-preinit][ResourceLoaderHelper.java:66] - Trying to load META-INF/validation.xml via Hibernate Validator's class loader
2024-03-20 19:47:02,836 DEBUG [background-preinit][ValidationXmlParser.java:127] - No META-INF/validation.xml found. Using annotation based configuration only.
2024-03-20 19:47:02,836 DEBUG [background-preinit][ValidationXmlParser.java:127] - No META-INF/validation.xml found. Using annotation based configuration only.
2024-03-20 19:47:02,846 DEBUG [background-preinit][TraversableResolvers.java:60] - Cannot find javax.persistence.Persistence on classpath. Assuming non JPA 2 environment. All properties will per default be traversable.
2024-03-20 19:47:02,846 DEBUG [background-preinit][TraversableResolvers.java:60] - Cannot find javax.persistence.Persistence on classpath. Assuming non JPA 2 environment. All properties will per default be traversable.
2024-03-20 19:47:02,907 DEBUG [background-preinit][ResourceBundleMessageInterpolator.java:172] - Loaded expression factory via original TCCL
2024-03-20 19:47:02,907 DEBUG [background-preinit][ResourceBundleMessageInterpolator.java:172] - Loaded expression factory via original TCCL
2024-03-20 19:47:03,145 DEBUG [background-preinit][ValidatorFactoryConfigurationHelper.java:300] - HV000252: Using org.hibernate.validator.internal.engine.DefaultPropertyNodeNameProvider as property node name provider.
2024-03-20 19:47:03,145 DEBUG [background-preinit][ValidatorFactoryConfigurationHelper.java:300] - HV000252: Using org.hibernate.validator.internal.engine.DefaultPropertyNodeNameProvider as property node name provider.
2024-03-20 19:47:03,161 DEBUG [background-preinit][ValidatorFactoryConfigurationHelper.java:375] - HV000234: Using org.hibernate.validator.messageinterpolation.ResourceBundleMessageInterpolator as ValidatorFactory-scoped message interpolator.
2024-03-20 19:47:03,161 DEBUG [background-preinit][ValidatorFactoryConfigurationHelper.java:375] - HV000234: Using org.hibernate.validator.messageinterpolation.ResourceBundleMessageInterpolator as ValidatorFactory-scoped message interpolator.
2024-03-20 19:47:03,161 DEBUG [background-preinit][ValidatorFactoryConfigurationHelper.java:376] - HV000234: Using org.hibernate.validator.internal.engine.resolver.TraverseAllTraversableResolver as ValidatorFactory-scoped traversable resolver.
2024-03-20 19:47:03,161 DEBUG [background-preinit][ValidatorFactoryConfigurationHelper.java:376] - HV000234: Using org.hibernate.validator.internal.engine.resolver.TraverseAllTraversableResolver as ValidatorFactory-scoped traversable resolver.
2024-03-20 19:47:03,162 DEBUG [background-preinit][ValidatorFactoryConfigurationHelper.java:377] - HV000234: Using org.hibernate.validator.internal.util.ExecutableParameterNameProvider as ValidatorFactory-scoped parameter name provider.
2024-03-20 19:47:03,162 DEBUG [background-preinit][ValidatorFactoryConfigurationHelper.java:377] - HV000234: Using org.hibernate.validator.internal.util.ExecutableParameterNameProvider as ValidatorFactory-scoped parameter name provider.
2024-03-20 19:47:03,163 DEBUG [background-preinit][ValidatorFactoryConfigurationHelper.java:378] - HV000234: Using org.hibernate.validator.internal.engine.DefaultClockProvider as ValidatorFactory-scoped clock provider.
2024-03-20 19:47:03,163 DEBUG [background-preinit][ValidatorFactoryConfigurationHelper.java:378] - HV000234: Using org.hibernate.validator.internal.engine.DefaultClockProvider as ValidatorFactory-scoped clock provider.
2024-03-20 19:47:03,164 DEBUG [background-preinit][ValidatorFactoryConfigurationHelper.java:379] - HV000234: Using org.hibernate.validator.internal.engine.scripting.DefaultScriptEvaluatorFactory as ValidatorFactory-scoped script evaluator factory.
2024-03-20 19:47:03,164 DEBUG [background-preinit][ValidatorFactoryConfigurationHelper.java:379] - HV000234: Using org.hibernate.validator.internal.engine.scripting.DefaultScriptEvaluatorFactory as ValidatorFactory-scoped script evaluator factory.
2024-03-20 19:47:03,907 INFO [main][SpringApplication.java:651] - No active profile set, falling back to default profiles: default
2024-03-20 19:47:03,907 INFO [main][SpringApplication.java:651] - No active profile set, falling back to default profiles: default
2024-03-20 19:47:05,332 DEBUG [main][LogFactory.java:105] - Logging initialized using 'class org.apache.ibatis.logging.slf4j.Slf4jImpl' adapter.
2024-03-20 19:47:05,332 DEBUG [main][LogFactory.java:105] - Logging initialized using 'class org.apache.ibatis.logging.slf4j.Slf4jImpl' adapter.
2024-03-20 19:47:05,523 INFO [main][GenericScope.java:295] - BeanFactory id=b8130c5c-f02a-3745-aac2-93c43f588ea7
2024-03-20 19:47:05,523 INFO [main][GenericScope.java:295] - BeanFactory id=b8130c5c-f02a-3745-aac2-93c43f588ea7
2024-03-20 19:47:06,208 INFO [main][TomcatWebServer.java:108] - Tomcat initialized with port(s): 63110 (http)
2024-03-20 19:47:06,208 INFO [main][TomcatWebServer.java:108] - Tomcat initialized with port(s): 63110 (http)
2024-03-20 19:47:06,236 INFO [main][DirectJDKLog.java:173] - Initializing ProtocolHandler ["http-nio-63110"]
2024-03-20 19:47:06,236 INFO [main][DirectJDKLog.java:173] - Initializing ProtocolHandler ["http-nio-63110"]
2024-03-20 19:47:06,238 INFO [main][DirectJDKLog.java:173] - Starting service [Tomcat]
2024-03-20 19:47:06,238 INFO [main][DirectJDKLog.java:173] - Starting service [Tomcat]
2024-03-20 19:47:06,239 INFO [main][DirectJDKLog.java:173] - Starting Servlet engine: [Apache Tomcat/9.0.41]
2024-03-20 19:47:06,239 INFO [main][DirectJDKLog.java:173] - Starting Servlet engine: [Apache Tomcat/9.0.41]
2024-03-20 19:47:06,512 INFO [main][DirectJDKLog.java:173] - Initializing Spring embedded WebApplicationContext
2024-03-20 19:47:06,512 INFO [main][DirectJDKLog.java:173] - Initializing Spring embedded WebApplicationContext
2024-03-20 19:47:06,513 INFO [main][ServletWebServerApplicationContext.java:285] - Root WebApplicationContext: initialization completed in 2559 ms
2024-03-20 19:47:06,513 INFO [main][ServletWebServerApplicationContext.java:285] - Root WebApplicationContext: initialization completed in 2559 ms
2024-03-20 19:47:06,785 DEBUG [main][HikariConfig.java:946] - Driver class com.mysql.cj.jdbc.Driver found in Thread context class loader jdk.internal.loader.ClassLoaders$AppClassLoader@63947c6b
2024-03-20 19:47:06,785 DEBUG [main][HikariConfig.java:946] - Driver class com.mysql.cj.jdbc.Driver found in Thread context class loader jdk.internal.loader.ClassLoaders$AppClassLoader@63947c6b
2024-03-20 19:47:06,929 DEBUG [main][Logger.java:49] - Registered plugin: 'com.baomidou.mybatisplus.extension.plugins.MybatisPlusInterceptor@4466cf5d'
2024-03-20 19:47:06,929 DEBUG [main][Logger.java:49] - Registered plugin: 'com.baomidou.mybatisplus.extension.plugins.MybatisPlusInterceptor@4466cf5d'
2024-03-20 19:47:06,932 DEBUG [main][Logger.java:49] - Property 'mapperLocations' was not specified.
2024-03-20 19:47:06,932 DEBUG [main][Logger.java:49] - Property 'mapperLocations' was not specified.
2024-03-20 19:47:07,474 DEBUG [main][MybatisConfiguration.java:128] - addMappedStatement: com.xuecheng.system.mapper.DictionaryMapper.insert
2024-03-20 19:47:07,474 DEBUG [main][MybatisConfiguration.java:128] - addMappedStatement: com.xuecheng.system.mapper.DictionaryMapper.insert
2024-03-20 19:47:07,504 DEBUG [main][MybatisConfiguration.java:128] - addMappedStatement: com.xuecheng.system.mapper.DictionaryMapper.delete
2024-03-20 19:47:07,504 DEBUG [main][MybatisConfiguration.java:128] - addMappedStatement: com.xuecheng.system.mapper.DictionaryMapper.delete
2024-03-20 19:47:07,514 DEBUG [main][MybatisConfiguration.java:128] - addMappedStatement: com.xuecheng.system.mapper.DictionaryMapper.deleteByMap
2024-03-20 19:47:07,514 DEBUG [main][MybatisConfiguration.java:128] - addMappedStatement: com.xuecheng.system.mapper.DictionaryMapper.deleteByMap
2024-03-20 19:47:07,592 DEBUG [main][MybatisConfiguration.java:128] - addMappedStatement: com.xuecheng.system.mapper.DictionaryMapper.deleteById
2024-03-20 19:47:07,592 DEBUG [main][MybatisConfiguration.java:128] - addMappedStatement: com.xuecheng.system.mapper.DictionaryMapper.deleteById
2024-03-20 19:47:07,597 DEBUG [main][MybatisConfiguration.java:128] - addMappedStatement: com.xuecheng.system.mapper.DictionaryMapper.deleteBatchIds
2024-03-20 19:47:07,597 DEBUG [main][MybatisConfiguration.java:128] - addMappedStatement: com.xuecheng.system.mapper.DictionaryMapper.deleteBatchIds
2024-03-20 19:47:07,608 DEBUG [main][MybatisConfiguration.java:128] - addMappedStatement: com.xuecheng.system.mapper.DictionaryMapper.update
2024-03-20 19:47:07,608 DEBUG [main][MybatisConfiguration.java:128] - addMappedStatement: com.xuecheng.system.mapper.DictionaryMapper.update
2024-03-20 19:47:07,615 DEBUG [main][MybatisConfiguration.java:128] - addMappedStatement: com.xuecheng.system.mapper.DictionaryMapper.updateById
2024-03-20 19:47:07,615 DEBUG [main][MybatisConfiguration.java:128] - addMappedStatement: com.xuecheng.system.mapper.DictionaryMapper.updateById
2024-03-20 19:47:07,620 DEBUG [main][MybatisConfiguration.java:128] - addMappedStatement: com.xuecheng.system.mapper.DictionaryMapper.selectById
2024-03-20 19:47:07,620 DEBUG [main][MybatisConfiguration.java:128] - addMappedStatement: com.xuecheng.system.mapper.DictionaryMapper.selectById
2024-03-20 19:47:07,625 DEBUG [main][MybatisConfiguration.java:128] - addMappedStatement: com.xuecheng.system.mapper.DictionaryMapper.selectBatchIds
2024-03-20 19:47:07,625 DEBUG [main][MybatisConfiguration.java:128] - addMappedStatement: com.xuecheng.system.mapper.DictionaryMapper.selectBatchIds
2024-03-20 19:47:07,635 DEBUG [main][MybatisConfiguration.java:128] - addMappedStatement: com.xuecheng.system.mapper.DictionaryMapper.selectByMap
2024-03-20 19:47:07,635 DEBUG [main][MybatisConfiguration.java:128] - addMappedStatement: com.xuecheng.system.mapper.DictionaryMapper.selectByMap
2024-03-20 19:47:07,641 DEBUG [main][MybatisConfiguration.java:128] - addMappedStatement: com.xuecheng.system.mapper.DictionaryMapper.selectOne
2024-03-20 19:47:07,641 DEBUG [main][MybatisConfiguration.java:128] - addMappedStatement: com.xuecheng.system.mapper.DictionaryMapper.selectOne
2024-03-20 19:47:07,649 DEBUG [main][MybatisConfiguration.java:128] - addMappedStatement: com.xuecheng.system.mapper.DictionaryMapper.selectCount
2024-03-20 19:47:07,649 DEBUG [main][MybatisConfiguration.java:128] - addMappedStatement: com.xuecheng.system.mapper.DictionaryMapper.selectCount
2024-03-20 19:47:07,664 DEBUG [main][MybatisConfiguration.java:128] - addMappedStatement: com.xuecheng.system.mapper.DictionaryMapper.selectMaps
2024-03-20 19:47:07,664 DEBUG [main][MybatisConfiguration.java:128] - addMappedStatement: com.xuecheng.system.mapper.DictionaryMapper.selectMaps
2024-03-20 19:47:07,675 DEBUG [main][MybatisConfiguration.java:128] - addMappedStatement: com.xuecheng.system.mapper.DictionaryMapper.selectMapsPage
2024-03-20 19:47:07,675 DEBUG [main][MybatisConfiguration.java:128] - addMappedStatement: com.xuecheng.system.mapper.DictionaryMapper.selectMapsPage
2024-03-20 19:47:07,680 DEBUG [main][MybatisConfiguration.java:128] - addMappedStatement: com.xuecheng.system.mapper.DictionaryMapper.selectObjs
2024-03-20 19:47:07,680 DEBUG [main][MybatisConfiguration.java:128] - addMappedStatement: com.xuecheng.system.mapper.DictionaryMapper.selectObjs
2024-03-20 19:47:07,689 DEBUG [main][MybatisConfiguration.java:128] - addMappedStatement: com.xuecheng.system.mapper.DictionaryMapper.selectList
2024-03-20 19:47:07,689 DEBUG [main][MybatisConfiguration.java:128] - addMappedStatement: com.xuecheng.system.mapper.DictionaryMapper.selectList
2024-03-20 19:47:07,701 DEBUG [main][MybatisConfiguration.java:128] - addMappedStatement: com.xuecheng.system.mapper.DictionaryMapper.selectPage
2024-03-20 19:47:07,701 DEBUG [main][MybatisConfiguration.java:128] - addMappedStatement: com.xuecheng.system.mapper.DictionaryMapper.selectPage
2024-03-20 19:47:08,686 INFO [main][PropertySourcedRequestMappingHandlerMapping.java:69] - Mapped URL path [/v2/api-docs] onto method [springfox.documentation.swagger2.web.Swagger2Controller#getDocumentation(String, HttpServletRequest)]
2024-03-20 19:47:08,686 INFO [main][PropertySourcedRequestMappingHandlerMapping.java:69] - Mapped URL path [/v2/api-docs] onto method [springfox.documentation.swagger2.web.Swagger2Controller#getDocumentation(String, HttpServletRequest)]
2024-03-20 19:47:08,789 DEBUG [main][ResourceBundleMessageInterpolator.java:172] - Loaded expression factory via original TCCL
2024-03-20 19:47:08,789 DEBUG [main][ResourceBundleMessageInterpolator.java:172] - Loaded expression factory via original TCCL
2024-03-20 19:47:08,793 DEBUG [main][AbstractConfigurationImpl.java:171] - Setting custom MessageInterpolator of type org.springframework.validation.beanvalidation.LocaleContextMessageInterpolator
2024-03-20 19:47:08,793 DEBUG [main][AbstractConfigurationImpl.java:171] - Setting custom MessageInterpolator of type org.springframework.validation.beanvalidation.LocaleContextMessageInterpolator
2024-03-20 19:47:08,795 DEBUG [main][AbstractConfigurationImpl.java:203] - Setting custom ConstraintValidatorFactory of type org.springframework.validation.beanvalidation.SpringConstraintValidatorFactory
2024-03-20 19:47:08,795 DEBUG [main][AbstractConfigurationImpl.java:203] - Setting custom ConstraintValidatorFactory of type org.springframework.validation.beanvalidation.SpringConstraintValidatorFactory
2024-03-20 19:47:08,797 DEBUG [main][AbstractConfigurationImpl.java:217] - Setting custom ParameterNameProvider of type org.springframework.validation.beanvalidation.LocalValidatorFactoryBean$1
2024-03-20 19:47:08,797 DEBUG [main][AbstractConfigurationImpl.java:217] - Setting custom ParameterNameProvider of type org.springframework.validation.beanvalidation.LocalValidatorFactoryBean$1
2024-03-20 19:47:08,799 DEBUG [main][ValidationXmlParser.java:120] - Trying to load META-INF/validation.xml for XML based Validator configuration.
2024-03-20 19:47:08,799 DEBUG [main][ValidationXmlParser.java:120] - Trying to load META-INF/validation.xml for XML based Validator configuration.
2024-03-20 19:47:08,799 DEBUG [main][ResourceLoaderHelper.java:53] - Trying to load META-INF/validation.xml via user class loader
2024-03-20 19:47:08,799 DEBUG [main][ResourceLoaderHelper.java:53] - Trying to load META-INF/validation.xml via user class loader
2024-03-20 19:47:08,800 DEBUG [main][ResourceLoaderHelper.java:60] - Trying to load META-INF/validation.xml via TCCL
2024-03-20 19:47:08,800 DEBUG [main][ResourceLoaderHelper.java:60] - Trying to load META-INF/validation.xml via TCCL
2024-03-20 19:47:08,801 DEBUG [main][ResourceLoaderHelper.java:66] - Trying to load META-INF/validation.xml via Hibernate Validator's class loader
2024-03-20 19:47:08,801 DEBUG [main][ResourceLoaderHelper.java:66] - Trying to load META-INF/validation.xml via Hibernate Validator's class loader
2024-03-20 19:47:08,802 DEBUG [main][ValidationXmlParser.java:127] - No META-INF/validation.xml found. Using annotation based configuration only.
2024-03-20 19:47:08,802 DEBUG [main][ValidationXmlParser.java:127] - No META-INF/validation.xml found. Using annotation based configuration only.
2024-03-20 19:47:08,804 DEBUG [main][TraversableResolvers.java:60] - Cannot find javax.persistence.Persistence on classpath. Assuming non JPA 2 environment. All properties will per default be traversable.
2024-03-20 19:47:08,804 DEBUG [main][TraversableResolvers.java:60] - Cannot find javax.persistence.Persistence on classpath. Assuming non JPA 2 environment. All properties will per default be traversable.
2024-03-20 19:47:08,808 DEBUG [main][ValidatorFactoryConfigurationHelper.java:300] - HV000252: Using org.hibernate.validator.internal.engine.DefaultPropertyNodeNameProvider as property node name provider.
2024-03-20 19:47:08,808 DEBUG [main][ValidatorFactoryConfigurationHelper.java:300] - HV000252: Using org.hibernate.validator.internal.engine.DefaultPropertyNodeNameProvider as property node name provider.
2024-03-20 19:47:08,809 DEBUG [main][ValidatorFactoryConfigurationHelper.java:375] - HV000234: Using org.springframework.validation.beanvalidation.LocaleContextMessageInterpolator as ValidatorFactory-scoped message interpolator.
2024-03-20 19:47:08,809 DEBUG [main][ValidatorFactoryConfigurationHelper.java:375] - HV000234: Using org.springframework.validation.beanvalidation.LocaleContextMessageInterpolator as ValidatorFactory-scoped message interpolator.
2024-03-20 19:47:08,810 DEBUG [main][ValidatorFactoryConfigurationHelper.java:376] - HV000234: Using org.hibernate.validator.internal.engine.resolver.TraverseAllTraversableResolver as ValidatorFactory-scoped traversable resolver.
2024-03-20 19:47:08,810 DEBUG [main][ValidatorFactoryConfigurationHelper.java:376] - HV000234: Using org.hibernate.validator.internal.engine.resolver.TraverseAllTraversableResolver as ValidatorFactory-scoped traversable resolver.
2024-03-20 19:47:08,810 DEBUG [main][ValidatorFactoryConfigurationHelper.java:377] - HV000234: Using org.hibernate.validator.internal.util.ExecutableParameterNameProvider as ValidatorFactory-scoped parameter name provider.
2024-03-20 19:47:08,810 DEBUG [main][ValidatorFactoryConfigurationHelper.java:377] - HV000234: Using org.hibernate.validator.internal.util.ExecutableParameterNameProvider as ValidatorFactory-scoped parameter name provider.
2024-03-20 19:47:08,811 DEBUG [main][ValidatorFactoryConfigurationHelper.java:378] - HV000234: Using org.hibernate.validator.internal.engine.DefaultClockProvider as ValidatorFactory-scoped clock provider.
2024-03-20 19:47:08,811 DEBUG [main][ValidatorFactoryConfigurationHelper.java:378] - HV000234: Using org.hibernate.validator.internal.engine.DefaultClockProvider as ValidatorFactory-scoped clock provider.
2024-03-20 19:47:08,811 DEBUG [main][ValidatorFactoryConfigurationHelper.java:379] - HV000234: Using org.hibernate.validator.internal.engine.scripting.DefaultScriptEvaluatorFactory as ValidatorFactory-scoped script evaluator factory.
2024-03-20 19:47:08,811 DEBUG [main][ValidatorFactoryConfigurationHelper.java:379] - HV000234: Using org.hibernate.validator.internal.engine.scripting.DefaultScriptEvaluatorFactory as ValidatorFactory-scoped script evaluator factory.
2024-03-20 19:47:08,951 INFO [main][ExecutorConfigurationSupport.java:181] - Initializing ExecutorService 'applicationTaskExecutor'
2024-03-20 19:47:08,951 INFO [main][ExecutorConfigurationSupport.java:181] - Initializing ExecutorService 'applicationTaskExecutor'
2024-03-20 19:47:09,281 INFO [main][ExecutorConfigurationSupport.java:181] - Initializing ExecutorService 'taskScheduler'
2024-03-20 19:47:09,281 INFO [main][ExecutorConfigurationSupport.java:181] - Initializing ExecutorService 'taskScheduler'
2024-03-20 19:47:09,416 INFO [main][DirectJDKLog.java:173] - Starting ProtocolHandler ["http-nio-63110"]
2024-03-20 19:47:09,416 INFO [main][DirectJDKLog.java:173] - Starting ProtocolHandler ["http-nio-63110"]
2024-03-20 19:47:09,515 INFO [main][TomcatWebServer.java:220] - Tomcat started on port(s): 63110 (http) with context path '/system'
2024-03-20 19:47:09,515 INFO [main][TomcatWebServer.java:220] - Tomcat started on port(s): 63110 (http) with context path '/system'
2024-03-20 19:47:09,517 INFO [main][DocumentationPluginsBootstrapper.java:160] - Context refreshed
2024-03-20 19:47:09,517 INFO [main][DocumentationPluginsBootstrapper.java:160] - Context refreshed
2024-03-20 19:47:09,543 INFO [main][DocumentationPluginsBootstrapper.java:163] - Found 1 custom documentation plugin(s)
2024-03-20 19:47:09,543 INFO [main][DocumentationPluginsBootstrapper.java:163] - Found 1 custom documentation plugin(s)
2024-03-20 19:47:09,585 INFO [main][ApiListingReferenceScanner.java:41] - Scanning for api listing references
2024-03-20 19:47:09,585 INFO [main][ApiListingReferenceScanner.java:41] - Scanning for api listing references
2024-03-20 19:47:09,805 INFO [main][StartupInfoLogger.java:61] - Started SystemApplication in 8.164 seconds (JVM running for 16.977)
2024-03-20 19:47:09,805 INFO [main][StartupInfoLogger.java:61] - Started SystemApplication in 8.164 seconds (JVM running for 16.977)
2024-03-20 19:47:33,528 INFO [http-nio-63110-exec-3][DirectJDKLog.java:173] - Initializing Spring DispatcherServlet 'dispatcherServlet'
2024-03-20 19:47:33,528 INFO [http-nio-63110-exec-3][DirectJDKLog.java:173] - Initializing Spring DispatcherServlet 'dispatcherServlet'
2024-03-20 19:47:33,529 INFO [http-nio-63110-exec-3][FrameworkServlet.java:525] - Initializing Servlet 'dispatcherServlet'
2024-03-20 19:47:33,529 INFO [http-nio-63110-exec-3][FrameworkServlet.java:525] - Initializing Servlet 'dispatcherServlet'
2024-03-20 19:47:33,540 INFO [http-nio-63110-exec-3][FrameworkServlet.java:547] - Completed initialization in 11 ms
2024-03-20 19:47:33,540 INFO [http-nio-63110-exec-3][FrameworkServlet.java:547] - Completed initialization in 11 ms
2024-03-20 19:47:33,789 DEBUG [http-nio-63110-exec-3][HikariConfig.java:1066] - HikariPool-1 - configuration:
2024-03-20 19:47:33,789 DEBUG [http-nio-63110-exec-3][HikariConfig.java:1066] - HikariPool-1 - configuration:
2024-03-20 19:47:33,793 DEBUG [http-nio-63110-exec-3][HikariConfig.java:1098] - allowPoolSuspension.............false
2024-03-20 19:47:33,793 DEBUG [http-nio-63110-exec-3][HikariConfig.java:1098] - allowPoolSuspension.............false
2024-03-20 19:47:33,794 DEBUG [http-nio-63110-exec-3][HikariConfig.java:1098] - autoCommit......................true
2024-03-20 19:47:33,794 DEBUG [http-nio-63110-exec-3][HikariConfig.java:1098] - autoCommit......................true
2024-03-20 19:47:33,795 DEBUG [http-nio-63110-exec-3][HikariConfig.java:1098] - catalog.........................none
2024-03-20 19:47:33,795 DEBUG [http-nio-63110-exec-3][HikariConfig.java:1098] - catalog.........................none
2024-03-20 19:47:33,795 DEBUG [http-nio-63110-exec-3][HikariConfig.java:1098] - connectionInitSql...............none
2024-03-20 19:47:33,795 DEBUG [http-nio-63110-exec-3][HikariConfig.java:1098] - connectionInitSql...............none
2024-03-20 19:47:33,796 DEBUG [http-nio-63110-exec-3][HikariConfig.java:1098] - connectionTestQuery.............none
2024-03-20 19:47:33,796 DEBUG [http-nio-63110-exec-3][HikariConfig.java:1098] - connectionTestQuery.............none
2024-03-20 19:47:33,797 DEBUG [http-nio-63110-exec-3][HikariConfig.java:1098] - connectionTimeout...............30000
2024-03-20 19:47:33,797 DEBUG [http-nio-63110-exec-3][HikariConfig.java:1098] - connectionTimeout...............30000
2024-03-20 19:47:33,797 DEBUG [http-nio-63110-exec-3][HikariConfig.java:1098] - dataSource......................none
2024-03-20 19:47:33,797 DEBUG [http-nio-63110-exec-3][HikariConfig.java:1098] - dataSource......................none
2024-03-20 19:47:33,798 DEBUG [http-nio-63110-exec-3][HikariConfig.java:1098] - dataSourceClassName.............none
2024-03-20 19:47:33,798 DEBUG [http-nio-63110-exec-3][HikariConfig.java:1098] - dataSourceClassName.............none
2024-03-20 19:47:33,799 DEBUG [http-nio-63110-exec-3][HikariConfig.java:1098] - dataSourceJNDI..................none
2024-03-20 19:47:33,799 DEBUG [http-nio-63110-exec-3][HikariConfig.java:1098] - dataSourceJNDI..................none
2024-03-20 19:47:33,800 DEBUG [http-nio-63110-exec-3][HikariConfig.java:1098] - dataSourceProperties............{password=<masked>}
2024-03-20 19:47:33,800 DEBUG [http-nio-63110-exec-3][HikariConfig.java:1098] - dataSourceProperties............{password=<masked>}
2024-03-20 19:47:33,800 DEBUG [http-nio-63110-exec-3][HikariConfig.java:1098] - driverClassName................."com.mysql.cj.jdbc.Driver"
2024-03-20 19:47:33,800 DEBUG [http-nio-63110-exec-3][HikariConfig.java:1098] - driverClassName................."com.mysql.cj.jdbc.Driver"
2024-03-20 19:47:33,801 DEBUG [http-nio-63110-exec-3][HikariConfig.java:1098] - exceptionOverrideClassName......none
2024-03-20 19:47:33,801 DEBUG [http-nio-63110-exec-3][HikariConfig.java:1098] - exceptionOverrideClassName......none
2024-03-20 19:47:33,801 DEBUG [http-nio-63110-exec-3][HikariConfig.java:1098] - healthCheckProperties...........{}
2024-03-20 19:47:33,801 DEBUG [http-nio-63110-exec-3][HikariConfig.java:1098] - healthCheckProperties...........{}
2024-03-20 19:47:33,802 DEBUG [http-nio-63110-exec-3][HikariConfig.java:1098] - healthCheckRegistry.............none
2024-03-20 19:47:33,802 DEBUG [http-nio-63110-exec-3][HikariConfig.java:1098] - healthCheckRegistry.............none
2024-03-20 19:47:33,802 DEBUG [http-nio-63110-exec-3][HikariConfig.java:1098] - idleTimeout.....................600000
2024-03-20 19:47:33,802 DEBUG [http-nio-63110-exec-3][HikariConfig.java:1098] - idleTimeout.....................600000
2024-03-20 19:47:33,803 DEBUG [http-nio-63110-exec-3][HikariConfig.java:1098] - initializationFailTimeout.......1
2024-03-20 19:47:33,803 DEBUG [http-nio-63110-exec-3][HikariConfig.java:1098] - initializationFailTimeout.......1
2024-03-20 19:47:33,803 DEBUG [http-nio-63110-exec-3][HikariConfig.java:1098] - isolateInternalQueries..........false
2024-03-20 19:47:33,803 DEBUG [http-nio-63110-exec-3][HikariConfig.java:1098] - isolateInternalQueries..........false
2024-03-20 19:47:33,804 DEBUG [http-nio-63110-exec-3][HikariConfig.java:1098] - jdbcUrl.........................jdbc:mysql://192.168.101.65:3306/xcplus_system?serverTimezone=UTC&userUnicode=true&useSSL=false&
2024-03-20 19:47:33,804 DEBUG [http-nio-63110-exec-3][HikariConfig.java:1098] - jdbcUrl.........................jdbc:mysql://192.168.101.65:3306/xcplus_system?serverTimezone=UTC&userUnicode=true&useSSL=false&
2024-03-20 19:47:33,804 DEBUG [http-nio-63110-exec-3][HikariConfig.java:1098] - leakDetectionThreshold..........0
2024-03-20 19:47:33,804 DEBUG [http-nio-63110-exec-3][HikariConfig.java:1098] - leakDetectionThreshold..........0
2024-03-20 19:47:33,805 DEBUG [http-nio-63110-exec-3][HikariConfig.java:1098] - maxLifetime.....................1800000
2024-03-20 19:47:33,805 DEBUG [http-nio-63110-exec-3][HikariConfig.java:1098] - maxLifetime.....................1800000
2024-03-20 19:47:33,805 DEBUG [http-nio-63110-exec-3][HikariConfig.java:1098] - maximumPoolSize.................10
2024-03-20 19:47:33,805 DEBUG [http-nio-63110-exec-3][HikariConfig.java:1098] - maximumPoolSize.................10
2024-03-20 19:47:33,806 DEBUG [http-nio-63110-exec-3][HikariConfig.java:1098] - metricRegistry..................none
2024-03-20 19:47:33,806 DEBUG [http-nio-63110-exec-3][HikariConfig.java:1098] - metricRegistry..................none
2024-03-20 19:47:33,806 DEBUG [http-nio-63110-exec-3][HikariConfig.java:1098] - metricsTrackerFactory...........none
2024-03-20 19:47:33,806 DEBUG [http-nio-63110-exec-3][HikariConfig.java:1098] - metricsTrackerFactory...........none
2024-03-20 19:47:33,807 DEBUG [http-nio-63110-exec-3][HikariConfig.java:1098] - minimumIdle.....................10
2024-03-20 19:47:33,807 DEBUG [http-nio-63110-exec-3][HikariConfig.java:1098] - minimumIdle.....................10
2024-03-20 19:47:33,807 DEBUG [http-nio-63110-exec-3][HikariConfig.java:1098] - password........................<masked>
2024-03-20 19:47:33,807 DEBUG [http-nio-63110-exec-3][HikariConfig.java:1098] - password........................<masked>
2024-03-20 19:47:33,808 DEBUG [http-nio-63110-exec-3][HikariConfig.java:1098] - poolName........................"HikariPool-1"
2024-03-20 19:47:33,808 DEBUG [http-nio-63110-exec-3][HikariConfig.java:1098] - poolName........................"HikariPool-1"
2024-03-20 19:47:33,808 DEBUG [http-nio-63110-exec-3][HikariConfig.java:1098] - readOnly........................false
2024-03-20 19:47:33,808 DEBUG [http-nio-63110-exec-3][HikariConfig.java:1098] - readOnly........................false
2024-03-20 19:47:33,809 DEBUG [http-nio-63110-exec-3][HikariConfig.java:1098] - registerMbeans..................false
2024-03-20 19:47:33,809 DEBUG [http-nio-63110-exec-3][HikariConfig.java:1098] - registerMbeans..................false
2024-03-20 19:47:33,809 DEBUG [http-nio-63110-exec-3][HikariConfig.java:1098] - scheduledExecutor...............none
2024-03-20 19:47:33,809 DEBUG [http-nio-63110-exec-3][HikariConfig.java:1098] - scheduledExecutor...............none
2024-03-20 19:47:33,810 DEBUG [http-nio-63110-exec-3][HikariConfig.java:1098] - schema..........................none
2024-03-20 19:47:33,810 DEBUG [http-nio-63110-exec-3][HikariConfig.java:1098] - schema..........................none
2024-03-20 19:47:33,810 DEBUG [http-nio-63110-exec-3][HikariConfig.java:1098] - threadFactory...................internal
2024-03-20 19:47:33,810 DEBUG [http-nio-63110-exec-3][HikariConfig.java:1098] - threadFactory...................internal
2024-03-20 19:47:33,811 DEBUG [http-nio-63110-exec-3][HikariConfig.java:1098] - transactionIsolation............default
2024-03-20 19:47:33,811 DEBUG [http-nio-63110-exec-3][HikariConfig.java:1098] - transactionIsolation............default
2024-03-20 19:47:33,812 DEBUG [http-nio-63110-exec-3][HikariConfig.java:1098] - username........................"root"
2024-03-20 19:47:33,812 DEBUG [http-nio-63110-exec-3][HikariConfig.java:1098] - username........................"root"
2024-03-20 19:47:33,812 DEBUG [http-nio-63110-exec-3][HikariConfig.java:1098] - validationTimeout...............5000
2024-03-20 19:47:33,812 DEBUG [http-nio-63110-exec-3][HikariConfig.java:1098] - validationTimeout...............5000
2024-03-20 19:47:33,813 INFO [http-nio-63110-exec-3][HikariDataSource.java:110] - HikariPool-1 - Starting...
2024-03-20 19:47:33,813 INFO [http-nio-63110-exec-3][HikariDataSource.java:110] - HikariPool-1 - Starting...
2024-03-20 19:47:34,279 DEBUG [http-nio-63110-exec-3][HikariPool.java:564] - HikariPool-1 - Added connection com.mysql.cj.jdbc.ConnectionImpl@6aa24ca1
2024-03-20 19:47:34,279 DEBUG [http-nio-63110-exec-3][HikariPool.java:564] - HikariPool-1 - Added connection com.mysql.cj.jdbc.ConnectionImpl@6aa24ca1
2024-03-20 19:47:34,283 INFO [http-nio-63110-exec-3][HikariDataSource.java:123] - HikariPool-1 - Start completed.
2024-03-20 19:47:34,283 INFO [http-nio-63110-exec-3][HikariDataSource.java:123] - HikariPool-1 - Start completed.
2024-03-20 19:47:34,304 DEBUG [http-nio-63110-exec-3][BaseJdbcLogger.java:137] - ==>  Preparing: SELECT id,name,code,item_values FROM dictionary
2024-03-20 19:47:34,304 DEBUG [http-nio-63110-exec-3][BaseJdbcLogger.java:137] - ==>  Preparing: SELECT id,name,code,item_values FROM dictionary
2024-03-20 19:47:34,385 DEBUG [HikariPool-1 housekeeper][HikariPool.java:421] - HikariPool-1 - Pool stats (total=1, active=1, idle=0, waiting=0)
2024-03-20 19:47:34,385 DEBUG [HikariPool-1 housekeeper][HikariPool.java:421] - HikariPool-1 - Pool stats (total=1, active=1, idle=0, waiting=0)
2024-03-20 19:47:34,398 DEBUG [http-nio-63110-exec-3][BaseJdbcLogger.java:137] - ==> Parameters: 
2024-03-20 19:47:34,398 DEBUG [http-nio-63110-exec-3][BaseJdbcLogger.java:137] - ==> Parameters: 
2024-03-20 19:47:34,410 DEBUG [HikariPool-1 connection adder][HikariPool.java:728] - HikariPool-1 - Added connection com.mysql.cj.jdbc.ConnectionImpl@2a444161
2024-03-20 19:47:34,410 DEBUG [HikariPool-1 connection adder][HikariPool.java:728] - HikariPool-1 - Added connection com.mysql.cj.jdbc.ConnectionImpl@2a444161
2024-03-20 19:47:34,423 DEBUG [HikariPool-1 connection adder][HikariPool.java:728] - HikariPool-1 - Added connection com.mysql.cj.jdbc.ConnectionImpl@6b794b5a
2024-03-20 19:47:34,423 DEBUG [HikariPool-1 connection adder][HikariPool.java:728] - HikariPool-1 - Added connection com.mysql.cj.jdbc.ConnectionImpl@6b794b5a
2024-03-20 19:47:34,437 DEBUG [HikariPool-1 connection adder][HikariPool.java:728] - HikariPool-1 - Added connection com.mysql.cj.jdbc.ConnectionImpl@5a58267c
2024-03-20 19:47:34,437 DEBUG [HikariPool-1 connection adder][HikariPool.java:728] - HikariPool-1 - Added connection com.mysql.cj.jdbc.ConnectionImpl@5a58267c
2024-03-20 19:47:34,451 DEBUG [HikariPool-1 connection adder][HikariPool.java:728] - HikariPool-1 - Added connection com.mysql.cj.jdbc.ConnectionImpl@b56b415
2024-03-20 19:47:34,451 DEBUG [HikariPool-1 connection adder][HikariPool.java:728] - HikariPool-1 - Added connection com.mysql.cj.jdbc.ConnectionImpl@b56b415
2024-03-20 19:47:34,462 DEBUG [HikariPool-1 connection adder][HikariPool.java:728] - HikariPool-1 - Added connection com.mysql.cj.jdbc.ConnectionImpl@3bc25146
2024-03-20 19:47:34,462 DEBUG [HikariPool-1 connection adder][HikariPool.java:728] - HikariPool-1 - Added connection com.mysql.cj.jdbc.ConnectionImpl@3bc25146
2024-03-20 19:47:34,471 DEBUG [HikariPool-1 connection adder][HikariPool.java:728] - HikariPool-1 - Added connection com.mysql.cj.jdbc.ConnectionImpl@f184bfa
2024-03-20 19:47:34,471 DEBUG [HikariPool-1 connection adder][HikariPool.java:728] - HikariPool-1 - Added connection com.mysql.cj.jdbc.ConnectionImpl@f184bfa
2024-03-20 19:47:34,482 DEBUG [HikariPool-1 connection adder][HikariPool.java:728] - HikariPool-1 - Added connection com.mysql.cj.jdbc.ConnectionImpl@68ebe2bb
2024-03-20 19:47:34,482 DEBUG [HikariPool-1 connection adder][HikariPool.java:728] - HikariPool-1 - Added connection com.mysql.cj.jdbc.ConnectionImpl@68ebe2bb
2024-03-20 19:47:34,501 DEBUG [HikariPool-1 connection adder][HikariPool.java:728] - HikariPool-1 - Added connection com.mysql.cj.jdbc.ConnectionImpl@48dba148
2024-03-20 19:47:34,501 DEBUG [http-nio-63110-exec-3][BaseJdbcLogger.java:137] - <==      Total: 17
2024-03-20 19:47:34,501 DEBUG [HikariPool-1 connection adder][HikariPool.java:728] - HikariPool-1 - Added connection com.mysql.cj.jdbc.ConnectionImpl@48dba148
2024-03-20 19:47:34,501 DEBUG [http-nio-63110-exec-3][BaseJdbcLogger.java:137] - <==      Total: 17
2024-03-20 19:47:34,519 DEBUG [HikariPool-1 connection adder][HikariPool.java:728] - HikariPool-1 - Added connection com.mysql.cj.jdbc.ConnectionImpl@5cb45d32
2024-03-20 19:47:34,519 DEBUG [HikariPool-1 connection adder][HikariPool.java:728] - HikariPool-1 - Added connection com.mysql.cj.jdbc.ConnectionImpl@5cb45d32
2024-03-20 19:47:34,519 DEBUG [HikariPool-1 connection adder][HikariPool.java:421] - HikariPool-1 - After adding stats (total=10, active=0, idle=10, waiting=0)
2024-03-20 19:47:34,519 DEBUG [HikariPool-1 connection adder][HikariPool.java:421] - HikariPool-1 - After adding stats (total=10, active=0, idle=10, waiting=0)
2024-03-20 19:48:04,388 DEBUG [HikariPool-1 housekeeper][HikariPool.java:421] - HikariPool-1 - Pool stats (total=10, active=0, idle=10, waiting=0)
2024-03-20 19:48:04,388 DEBUG [HikariPool-1 housekeeper][HikariPool.java:421] - HikariPool-1 - Pool stats (total=10, active=0, idle=10, waiting=0)
2024-03-20 19:48:04,388 DEBUG [HikariPool-1 housekeeper][HikariPool.java:517] - HikariPool-1 - Fill pool skipped, pool is at sufficient level.
2024-03-20 19:48:04,388 DEBUG [HikariPool-1 housekeeper][HikariPool.java:517] - HikariPool-1 - Fill pool skipped, pool is at sufficient level.
2024-03-20 19:48:34,390 DEBUG [HikariPool-1 housekeeper][HikariPool.java:421] - HikariPool-1 - Pool stats (total=10, active=0, idle=10, waiting=0)
2024-03-20 19:48:34,390 DEBUG [HikariPool-1 housekeeper][HikariPool.java:421] - HikariPool-1 - Pool stats (total=10, active=0, idle=10, waiting=0)
2024-03-20 19:48:34,390 DEBUG [HikariPool-1 housekeeper][HikariPool.java:517] - HikariPool-1 - Fill pool skipped, pool is at sufficient level.
2024-03-20 19:48:34,390 DEBUG [HikariPool-1 housekeeper][HikariPool.java:517] - HikariPool-1 - Fill pool skipped, pool is at sufficient level.
2024-03-20 19:48:42,391 DEBUG [http-nio-63110-exec-1][BaseJdbcLogger.java:137] - ==>  Preparing: SELECT id,name,code,item_values FROM dictionary
2024-03-20 19:48:42,391 DEBUG [http-nio-63110-exec-1][BaseJdbcLogger.java:137] - ==>  Preparing: SELECT id,name,code,item_values FROM dictionary
2024-03-20 19:48:42,392 DEBUG [http-nio-63110-exec-1][BaseJdbcLogger.java:137] - ==> Parameters: 
2024-03-20 19:48:42,392 DEBUG [http-nio-63110-exec-1][BaseJdbcLogger.java:137] - ==> Parameters: 
2024-03-20 19:48:42,402 DEBUG [http-nio-63110-exec-1][BaseJdbcLogger.java:137] - <==      Total: 17
2024-03-20 19:48:42,402 DEBUG [http-nio-63110-exec-1][BaseJdbcLogger.java:137] - <==      Total: 17
2024-03-20 19:49:04,392 DEBUG [HikariPool-1 housekeeper][HikariPool.java:421] - HikariPool-1 - Pool stats (total=10, active=0, idle=10, waiting=0)
2024-03-20 19:49:04,392 DEBUG [HikariPool-1 housekeeper][HikariPool.java:421] - HikariPool-1 - Pool stats (total=10, active=0, idle=10, waiting=0)
2024-03-20 19:49:04,392 DEBUG [HikariPool-1 housekeeper][HikariPool.java:517] - HikariPool-1 - Fill pool skipped, pool is at sufficient level.
2024-03-20 19:49:04,392 DEBUG [HikariPool-1 housekeeper][HikariPool.java:517] - HikariPool-1 - Fill pool skipped, pool is at sufficient level.
2024-03-20 19:49:34,392 DEBUG [HikariPool-1 housekeeper][HikariPool.java:421] - HikariPool-1 - Pool stats (total=10, active=0, idle=10, waiting=0)
2024-03-20 19:49:34,392 DEBUG [HikariPool-1 housekeeper][HikariPool.java:421] - HikariPool-1 - Pool stats (total=10, active=0, idle=10, waiting=0)
2024-03-20 19:49:34,392 DEBUG [HikariPool-1 housekeeper][HikariPool.java:517] - HikariPool-1 - Fill pool skipped, pool is at sufficient level.
2024-03-20 19:49:34,392 DEBUG [HikariPool-1 housekeeper][HikariPool.java:517] - HikariPool-1 - Fill pool skipped, pool is at sufficient level.
2024-03-20 19:50:04,394 DEBUG [HikariPool-1 housekeeper][HikariPool.java:421] - HikariPool-1 - Pool stats (total=10, active=0, idle=10, waiting=0)
2024-03-20 19:50:04,394 DEBUG [HikariPool-1 housekeeper][HikariPool.java:421] - HikariPool-1 - Pool stats (total=10, active=0, idle=10, waiting=0)
2024-03-20 19:50:04,394 DEBUG [HikariPool-1 housekeeper][HikariPool.java:517] - HikariPool-1 - Fill pool skipped, pool is at sufficient level.
2024-03-20 19:50:04,394 DEBUG [HikariPool-1 housekeeper][HikariPool.java:517] - HikariPool-1 - Fill pool skipped, pool is at sufficient level.
2024-03-20 19:50:34,396 DEBUG [HikariPool-1 housekeeper][HikariPool.java:421] - HikariPool-1 - Pool stats (total=10, active=0, idle=10, waiting=0)
2024-03-20 19:50:34,396 DEBUG [HikariPool-1 housekeeper][HikariPool.java:421] - HikariPool-1 - Pool stats (total=10, active=0, idle=10, waiting=0)
2024-03-20 19:50:34,396 DEBUG [HikariPool-1 housekeeper][HikariPool.java:517] - HikariPool-1 - Fill pool skipped, pool is at sufficient level.
2024-03-20 19:50:34,396 DEBUG [HikariPool-1 housekeeper][HikariPool.java:517] - HikariPool-1 - Fill pool skipped, pool is at sufficient level.
2024-03-20 19:51:04,398 DEBUG [HikariPool-1 housekeeper][HikariPool.java:421] - HikariPool-1 - Pool stats (total=10, active=0, idle=10, waiting=0)
2024-03-20 19:51:04,398 DEBUG [HikariPool-1 housekeeper][HikariPool.java:421] - HikariPool-1 - Pool stats (total=10, active=0, idle=10, waiting=0)
2024-03-20 19:51:04,399 DEBUG [HikariPool-1 housekeeper][HikariPool.java:517] - HikariPool-1 - Fill pool skipped, pool is at sufficient level.
2024-03-20 19:51:04,399 DEBUG [HikariPool-1 housekeeper][HikariPool.java:517] - HikariPool-1 - Fill pool skipped, pool is at sufficient level.
2024-03-20 19:51:34,400 DEBUG [HikariPool-1 housekeeper][HikariPool.java:421] - HikariPool-1 - Pool stats (total=10, active=0, idle=10, waiting=0)
2024-03-20 19:51:34,400 DEBUG [HikariPool-1 housekeeper][HikariPool.java:421] - HikariPool-1 - Pool stats (total=10, active=0, idle=10, waiting=0)
2024-03-20 19:51:34,401 DEBUG [HikariPool-1 housekeeper][HikariPool.java:517] - HikariPool-1 - Fill pool skipped, pool is at sufficient level.
2024-03-20 19:51:34,401 DEBUG [HikariPool-1 housekeeper][HikariPool.java:517] - HikariPool-1 - Fill pool skipped, pool is at sufficient level.
2024-03-20 19:52:04,402 DEBUG [HikariPool-1 housekeeper][HikariPool.java:421] - HikariPool-1 - Pool stats (total=10, active=0, idle=10, waiting=0)
2024-03-20 19:52:04,402 DEBUG [HikariPool-1 housekeeper][HikariPool.java:421] - HikariPool-1 - Pool stats (total=10, active=0, idle=10, waiting=0)
2024-03-20 19:52:04,402 DEBUG [HikariPool-1 housekeeper][HikariPool.java:517] - HikariPool-1 - Fill pool skipped, pool is at sufficient level.
2024-03-20 19:52:04,402 DEBUG [HikariPool-1 housekeeper][HikariPool.java:517] - HikariPool-1 - Fill pool skipped, pool is at sufficient level.
2024-03-20 19:52:34,403 DEBUG [HikariPool-1 housekeeper][HikariPool.java:421] - HikariPool-1 - Pool stats (total=10, active=0, idle=10, waiting=0)
2024-03-20 19:52:34,403 DEBUG [HikariPool-1 housekeeper][HikariPool.java:421] - HikariPool-1 - Pool stats (total=10, active=0, idle=10, waiting=0)
2024-03-20 19:52:34,403 DEBUG [HikariPool-1 housekeeper][HikariPool.java:517] - HikariPool-1 - Fill pool skipped, pool is at sufficient level.
2024-03-20 19:52:34,403 DEBUG [HikariPool-1 housekeeper][HikariPool.java:517] - HikariPool-1 - Fill pool skipped, pool is at sufficient level.
2024-03-20 19:53:04,405 DEBUG [HikariPool-1 housekeeper][HikariPool.java:421] - HikariPool-1 - Pool stats (total=10, active=0, idle=10, waiting=0)
2024-03-20 19:53:04,405 DEBUG [HikariPool-1 housekeeper][HikariPool.java:421] - HikariPool-1 - Pool stats (total=10, active=0, idle=10, waiting=0)
2024-03-20 19:53:04,405 DEBUG [HikariPool-1 housekeeper][HikariPool.java:517] - HikariPool-1 - Fill pool skipped, pool is at sufficient level.
2024-03-20 19:53:04,405 DEBUG [HikariPool-1 housekeeper][HikariPool.java:517] - HikariPool-1 - Fill pool skipped, pool is at sufficient level.
2024-03-20 19:53:34,407 DEBUG [HikariPool-1 housekeeper][HikariPool.java:421] - HikariPool-1 - Pool stats (total=10, active=0, idle=10, waiting=0)
2024-03-20 19:53:34,407 DEBUG [HikariPool-1 housekeeper][HikariPool.java:421] - HikariPool-1 - Pool stats (total=10, active=0, idle=10, waiting=0)
2024-03-20 19:53:34,407 DEBUG [HikariPool-1 housekeeper][HikariPool.java:517] - HikariPool-1 - Fill pool skipped, pool is at sufficient level.
2024-03-20 19:53:34,407 DEBUG [HikariPool-1 housekeeper][HikariPool.java:517] - HikariPool-1 - Fill pool skipped, pool is at sufficient level.
2024-03-20 19:54:04,409 DEBUG [HikariPool-1 housekeeper][HikariPool.java:421] - HikariPool-1 - Pool stats (total=10, active=0, idle=10, waiting=0)
2024-03-20 19:54:04,409 DEBUG [HikariPool-1 housekeeper][HikariPool.java:421] - HikariPool-1 - Pool stats (total=10, active=0, idle=10, waiting=0)
2024-03-20 19:54:04,409 DEBUG [HikariPool-1 housekeeper][HikariPool.java:517] - HikariPool-1 - Fill pool skipped, pool is at sufficient level.
2024-03-20 19:54:04,409 DEBUG [HikariPool-1 housekeeper][HikariPool.java:517] - HikariPool-1 - Fill pool skipped, pool is at sufficient level.
2024-03-20 19:54:34,416 DEBUG [HikariPool-1 housekeeper][HikariPool.java:421] - HikariPool-1 - Pool stats (total=10, active=0, idle=10, waiting=0)
2024-03-20 19:54:34,416 DEBUG [HikariPool-1 housekeeper][HikariPool.java:421] - HikariPool-1 - Pool stats (total=10, active=0, idle=10, waiting=0)
2024-03-20 19:54:34,416 DEBUG [HikariPool-1 housekeeper][HikariPool.java:517] - HikariPool-1 - Fill pool skipped, pool is at sufficient level.
2024-03-20 19:54:34,416 DEBUG [HikariPool-1 housekeeper][HikariPool.java:517] - HikariPool-1 - Fill pool skipped, pool is at sufficient level.
2024-03-20 19:55:04,418 DEBUG [HikariPool-1 housekeeper][HikariPool.java:421] - HikariPool-1 - Pool stats (total=10, active=0, idle=10, waiting=0)
2024-03-20 19:55:04,418 DEBUG [HikariPool-1 housekeeper][HikariPool.java:421] - HikariPool-1 - Pool stats (total=10, active=0, idle=10, waiting=0)
2024-03-20 19:55:04,418 DEBUG [HikariPool-1 housekeeper][HikariPool.java:517] - HikariPool-1 - Fill pool skipped, pool is at sufficient level.
2024-03-20 19:55:04,418 DEBUG [HikariPool-1 housekeeper][HikariPool.java:517] - HikariPool-1 - Fill pool skipped, pool is at sufficient level.
2024-03-20 19:55:34,419 DEBUG [HikariPool-1 housekeeper][HikariPool.java:421] - HikariPool-1 - Pool stats (total=10, active=0, idle=10, waiting=0)
2024-03-20 19:55:34,419 DEBUG [HikariPool-1 housekeeper][HikariPool.java:421] - HikariPool-1 - Pool stats (total=10, active=0, idle=10, waiting=0)
2024-03-20 19:55:34,419 DEBUG [HikariPool-1 housekeeper][HikariPool.java:517] - HikariPool-1 - Fill pool skipped, pool is at sufficient level.
2024-03-20 19:55:34,419 DEBUG [HikariPool-1 housekeeper][HikariPool.java:517] - HikariPool-1 - Fill pool skipped, pool is at sufficient level.
2024-03-20 19:56:04,422 DEBUG [HikariPool-1 housekeeper][HikariPool.java:421] - HikariPool-1 - Pool stats (total=10, active=0, idle=10, waiting=0)
2024-03-20 19:56:04,422 DEBUG [HikariPool-1 housekeeper][HikariPool.java:421] - HikariPool-1 - Pool stats (total=10, active=0, idle=10, waiting=0)
2024-03-20 19:56:04,422 DEBUG [HikariPool-1 housekeeper][HikariPool.java:517] - HikariPool-1 - Fill pool skipped, pool is at sufficient level.
2024-03-20 19:56:04,422 DEBUG [HikariPool-1 housekeeper][HikariPool.java:517] - HikariPool-1 - Fill pool skipped, pool is at sufficient level.
2024-03-20 19:56:34,424 DEBUG [HikariPool-1 housekeeper][HikariPool.java:421] - HikariPool-1 - Pool stats (total=10, active=0, idle=10, waiting=0)
2024-03-20 19:56:34,424 DEBUG [HikariPool-1 housekeeper][HikariPool.java:421] - HikariPool-1 - Pool stats (total=10, active=0, idle=10, waiting=0)
2024-03-20 19:56:34,424 DEBUG [HikariPool-1 housekeeper][HikariPool.java:517] - HikariPool-1 - Fill pool skipped, pool is at sufficient level.
2024-03-20 19:56:34,424 DEBUG [HikariPool-1 housekeeper][HikariPool.java:517] - HikariPool-1 - Fill pool skipped, pool is at sufficient level.
2024-03-20 19:57:04,426 DEBUG [HikariPool-1 housekeeper][HikariPool.java:421] - HikariPool-1 - Pool stats (total=10, active=0, idle=10, waiting=0)
2024-03-20 19:57:04,426 DEBUG [HikariPool-1 housekeeper][HikariPool.java:421] - HikariPool-1 - Pool stats (total=10, active=0, idle=10, waiting=0)
2024-03-20 19:57:04,426 DEBUG [HikariPool-1 housekeeper][HikariPool.java:517] - HikariPool-1 - Fill pool skipped, pool is at sufficient level.
2024-03-20 19:57:04,426 DEBUG [HikariPool-1 housekeeper][HikariPool.java:517] - HikariPool-1 - Fill pool skipped, pool is at sufficient level.
2024-03-20 19:57:34,428 DEBUG [HikariPool-1 housekeeper][HikariPool.java:421] - HikariPool-1 - Pool stats (total=10, active=0, idle=10, waiting=0)
2024-03-20 19:57:34,428 DEBUG [HikariPool-1 housekeeper][HikariPool.java:421] - HikariPool-1 - Pool stats (total=10, active=0, idle=10, waiting=0)
2024-03-20 19:57:34,428 DEBUG [HikariPool-1 housekeeper][HikariPool.java:517] - HikariPool-1 - Fill pool skipped, pool is at sufficient level.
2024-03-20 19:57:34,428 DEBUG [HikariPool-1 housekeeper][HikariPool.java:517] - HikariPool-1 - Fill pool skipped, pool is at sufficient level.
2024-03-20 19:58:04,429 DEBUG [HikariPool-1 housekeeper][HikariPool.java:421] - HikariPool-1 - Pool stats (total=10, active=0, idle=10, waiting=0)
2024-03-20 19:58:04,429 DEBUG [HikariPool-1 housekeeper][HikariPool.java:421] - HikariPool-1 - Pool stats (total=10, active=0, idle=10, waiting=0)
2024-03-20 19:58:04,430 DEBUG [HikariPool-1 housekeeper][HikariPool.java:517] - HikariPool-1 - Fill pool skipped, pool is at sufficient level.
2024-03-20 19:58:04,430 DEBUG [HikariPool-1 housekeeper][HikariPool.java:517] - HikariPool-1 - Fill pool skipped, pool is at sufficient level.
2024-03-20 19:58:34,431 DEBUG [HikariPool-1 housekeeper][HikariPool.java:421] - HikariPool-1 - Pool stats (total=10, active=0, idle=10, waiting=0)
2024-03-20 19:58:34,431 DEBUG [HikariPool-1 housekeeper][HikariPool.java:421] - HikariPool-1 - Pool stats (total=10, active=0, idle=10, waiting=0)
2024-03-20 19:58:34,431 DEBUG [HikariPool-1 housekeeper][HikariPool.java:517] - HikariPool-1 - Fill pool skipped, pool is at sufficient level.
2024-03-20 19:58:34,431 DEBUG [HikariPool-1 housekeeper][HikariPool.java:517] - HikariPool-1 - Fill pool skipped, pool is at sufficient level.
2024-03-20 19:59:04,433 DEBUG [HikariPool-1 housekeeper][HikariPool.java:421] - HikariPool-1 - Pool stats (total=10, active=0, idle=10, waiting=0)
2024-03-20 19:59:04,433 DEBUG [HikariPool-1 housekeeper][HikariPool.java:421] - HikariPool-1 - Pool stats (total=10, active=0, idle=10, waiting=0)
2024-03-20 19:59:04,433 DEBUG [HikariPool-1 housekeeper][HikariPool.java:517] - HikariPool-1 - Fill pool skipped, pool is at sufficient level.
2024-03-20 19:59:04,433 DEBUG [HikariPool-1 housekeeper][HikariPool.java:517] - HikariPool-1 - Fill pool skipped, pool is at sufficient level.
2024-03-20 19:59:34,435 DEBUG [HikariPool-1 housekeeper][HikariPool.java:421] - HikariPool-1 - Pool stats (total=10, active=0, idle=10, waiting=0)
2024-03-20 19:59:34,435 DEBUG [HikariPool-1 housekeeper][HikariPool.java:421] - HikariPool-1 - Pool stats (total=10, active=0, idle=10, waiting=0)
2024-03-20 19:59:34,435 DEBUG [HikariPool-1 housekeeper][HikariPool.java:517] - HikariPool-1 - Fill pool skipped, pool is at sufficient level.
2024-03-20 19:59:34,435 DEBUG [HikariPool-1 housekeeper][HikariPool.java:517] - HikariPool-1 - Fill pool skipped, pool is at sufficient level.
