2024-07-03 15:00:05,303 DEBUG [background-preinit][LoggerProviders.java:152] - Logging Provider: org.jboss.logging.Log4j2LoggerProvider
2024-07-03 15:00:05,303 DEBUG [background-preinit][LoggerProviders.java:152] - Logging Provider: org.jboss.logging.Log4j2LoggerProvider
2024-07-03 15:00:05,324 INFO [background-preinit][Version.java:21] - HV000001: Hibernate Validator 6.1.6.Final
2024-07-03 15:00:05,324 INFO [background-preinit][Version.java:21] - HV000001: Hibernate Validator 6.1.6.Final
2024-07-03 15:00:05,329 DEBUG [background-preinit][ValidationXmlParser.java:120] - Trying to load META-INF/validation.xml for XML based Validator configuration.
2024-07-03 15:00:05,329 DEBUG [background-preinit][ValidationXmlParser.java:120] - Trying to load META-INF/validation.xml for XML based Validator configuration.
2024-07-03 15:00:05,330 DEBUG [background-preinit][ResourceLoaderHelper.java:60] - Trying to load META-INF/validation.xml via TCCL
2024-07-03 15:00:05,330 DEBUG [background-preinit][ResourceLoaderHelper.java:60] - Trying to load META-INF/validation.xml via TCCL
2024-07-03 15:00:05,330 DEBUG [background-preinit][ResourceLoaderHelper.java:66] - Trying to load META-INF/validation.xml via Hibernate Validator's class loader
2024-07-03 15:00:05,330 DEBUG [background-preinit][ResourceLoaderHelper.java:66] - Trying to load META-INF/validation.xml via Hibernate Validator's class loader
2024-07-03 15:00:05,330 DEBUG [background-preinit][ValidationXmlParser.java:127] - No META-INF/validation.xml found. Using annotation based configuration only.
2024-07-03 15:00:05,330 DEBUG [background-preinit][ValidationXmlParser.java:127] - No META-INF/validation.xml found. Using annotation based configuration only.
2024-07-03 15:00:05,332 DEBUG [background-preinit][TraversableResolvers.java:60] - Cannot find javax.persistence.Persistence on classpath. Assuming non JPA 2 environment. All properties will per default be traversable.
2024-07-03 15:00:05,332 DEBUG [background-preinit][TraversableResolvers.java:60] - Cannot find javax.persistence.Persistence on classpath. Assuming non JPA 2 environment. All properties will per default be traversable.
2024-07-03 15:00:05,347 DEBUG [background-preinit][ResourceBundleMessageInterpolator.java:172] - Loaded expression factory via original TCCL
2024-07-03 15:00:05,347 DEBUG [background-preinit][ResourceBundleMessageInterpolator.java:172] - Loaded expression factory via original TCCL
2024-07-03 15:00:05,410 DEBUG [background-preinit][ValidatorFactoryConfigurationHelper.java:300] - HV000252: Using org.hibernate.validator.internal.engine.DefaultPropertyNodeNameProvider as property node name provider.
2024-07-03 15:00:05,410 DEBUG [background-preinit][ValidatorFactoryConfigurationHelper.java:300] - HV000252: Using org.hibernate.validator.internal.engine.DefaultPropertyNodeNameProvider as property node name provider.
2024-07-03 15:00:05,413 DEBUG [background-preinit][ValidatorFactoryConfigurationHelper.java:375] - HV000234: Using org.hibernate.validator.messageinterpolation.ResourceBundleMessageInterpolator as ValidatorFactory-scoped message interpolator.
2024-07-03 15:00:05,413 DEBUG [background-preinit][ValidatorFactoryConfigurationHelper.java:375] - HV000234: Using org.hibernate.validator.messageinterpolation.ResourceBundleMessageInterpolator as ValidatorFactory-scoped message interpolator.
2024-07-03 15:00:05,413 DEBUG [background-preinit][ValidatorFactoryConfigurationHelper.java:376] - HV000234: Using org.hibernate.validator.internal.engine.resolver.TraverseAllTraversableResolver as ValidatorFactory-scoped traversable resolver.
2024-07-03 15:00:05,413 DEBUG [background-preinit][ValidatorFactoryConfigurationHelper.java:376] - HV000234: Using org.hibernate.validator.internal.engine.resolver.TraverseAllTraversableResolver as ValidatorFactory-scoped traversable resolver.
2024-07-03 15:00:05,413 DEBUG [background-preinit][ValidatorFactoryConfigurationHelper.java:377] - HV000234: Using org.hibernate.validator.internal.util.ExecutableParameterNameProvider as ValidatorFactory-scoped parameter name provider.
2024-07-03 15:00:05,413 DEBUG [background-preinit][ValidatorFactoryConfigurationHelper.java:377] - HV000234: Using org.hibernate.validator.internal.util.ExecutableParameterNameProvider as ValidatorFactory-scoped parameter name provider.
2024-07-03 15:00:05,413 DEBUG [background-preinit][ValidatorFactoryConfigurationHelper.java:378] - HV000234: Using org.hibernate.validator.internal.engine.DefaultClockProvider as ValidatorFactory-scoped clock provider.
2024-07-03 15:00:05,413 DEBUG [background-preinit][ValidatorFactoryConfigurationHelper.java:378] - HV000234: Using org.hibernate.validator.internal.engine.DefaultClockProvider as ValidatorFactory-scoped clock provider.
2024-07-03 15:00:05,413 DEBUG [background-preinit][ValidatorFactoryConfigurationHelper.java:379] - HV000234: Using org.hibernate.validator.internal.engine.scripting.DefaultScriptEvaluatorFactory as ValidatorFactory-scoped script evaluator factory.
2024-07-03 15:00:05,413 DEBUG [background-preinit][ValidatorFactoryConfigurationHelper.java:379] - HV000234: Using org.hibernate.validator.internal.engine.scripting.DefaultScriptEvaluatorFactory as ValidatorFactory-scoped script evaluator factory.
2024-07-03 15:00:05,602 INFO [main][SpringApplication.java:651] - No active profile set, falling back to default profiles: default
2024-07-03 15:00:05,602 INFO [main][SpringApplication.java:651] - No active profile set, falling back to default profiles: default
2024-07-03 15:00:06,176 DEBUG [main][LogFactory.java:105] - Logging initialized using 'class org.apache.ibatis.logging.slf4j.Slf4jImpl' adapter.
2024-07-03 15:00:06,176 DEBUG [main][LogFactory.java:105] - Logging initialized using 'class org.apache.ibatis.logging.slf4j.Slf4jImpl' adapter.
2024-07-03 15:00:06,249 INFO [main][GenericScope.java:295] - BeanFactory id=6d0ed396-0a90-3012-b9a4-bbe2c0f4a4d9
2024-07-03 15:00:06,249 INFO [main][GenericScope.java:295] - BeanFactory id=6d0ed396-0a90-3012-b9a4-bbe2c0f4a4d9
2024-07-03 15:00:06,529 INFO [main][TomcatWebServer.java:108] - Tomcat initialized with port(s): 63110 (http)
2024-07-03 15:00:06,529 INFO [main][TomcatWebServer.java:108] - Tomcat initialized with port(s): 63110 (http)
2024-07-03 15:00:06,537 INFO [main][DirectJDKLog.java:173] - Initializing ProtocolHandler ["http-nio-63110"]
2024-07-03 15:00:06,537 INFO [main][DirectJDKLog.java:173] - Initializing ProtocolHandler ["http-nio-63110"]
2024-07-03 15:00:06,538 INFO [main][DirectJDKLog.java:173] - Starting service [Tomcat]
2024-07-03 15:00:06,538 INFO [main][DirectJDKLog.java:173] - Starting service [Tomcat]
2024-07-03 15:00:06,538 INFO [main][DirectJDKLog.java:173] - Starting Servlet engine: [Apache Tomcat/9.0.41]
2024-07-03 15:00:06,538 INFO [main][DirectJDKLog.java:173] - Starting Servlet engine: [Apache Tomcat/9.0.41]
2024-07-03 15:00:06,640 INFO [main][DirectJDKLog.java:173] - Initializing Spring embedded WebApplicationContext
2024-07-03 15:00:06,640 INFO [main][DirectJDKLog.java:173] - Initializing Spring embedded WebApplicationContext
2024-07-03 15:00:06,641 INFO [main][ServletWebServerApplicationContext.java:285] - Root WebApplicationContext: initialization completed in 1017 ms
2024-07-03 15:00:06,641 INFO [main][ServletWebServerApplicationContext.java:285] - Root WebApplicationContext: initialization completed in 1017 ms
2024-07-03 15:00:06,754 DEBUG [main][HikariConfig.java:946] - Driver class com.mysql.cj.jdbc.Driver found in Thread context class loader jdk.internal.loader.ClassLoaders$AppClassLoader@63947c6b
2024-07-03 15:00:06,754 DEBUG [main][HikariConfig.java:946] - Driver class com.mysql.cj.jdbc.Driver found in Thread context class loader jdk.internal.loader.ClassLoaders$AppClassLoader@63947c6b
2024-07-03 15:00:06,800 DEBUG [main][Logger.java:49] - Registered plugin: 'com.baomidou.mybatisplus.extension.plugins.MybatisPlusInterceptor@2e362407'
2024-07-03 15:00:06,800 DEBUG [main][Logger.java:49] - Registered plugin: 'com.baomidou.mybatisplus.extension.plugins.MybatisPlusInterceptor@2e362407'
2024-07-03 15:00:06,803 DEBUG [main][Logger.java:49] - Property 'mapperLocations' was not specified.
2024-07-03 15:00:06,803 DEBUG [main][Logger.java:49] - Property 'mapperLocations' was not specified.
2024-07-03 15:00:06,885 DEBUG [main][MybatisConfiguration.java:128] - addMappedStatement: com.xuecheng.system.mapper.DictionaryMapper.insert
2024-07-03 15:00:06,885 DEBUG [main][MybatisConfiguration.java:128] - addMappedStatement: com.xuecheng.system.mapper.DictionaryMapper.insert
2024-07-03 15:00:06,889 DEBUG [main][MybatisConfiguration.java:128] - addMappedStatement: com.xuecheng.system.mapper.DictionaryMapper.delete
2024-07-03 15:00:06,889 DEBUG [main][MybatisConfiguration.java:128] - addMappedStatement: com.xuecheng.system.mapper.DictionaryMapper.delete
2024-07-03 15:00:06,890 DEBUG [main][MybatisConfiguration.java:128] - addMappedStatement: com.xuecheng.system.mapper.DictionaryMapper.deleteByMap
2024-07-03 15:00:06,890 DEBUG [main][MybatisConfiguration.java:128] - addMappedStatement: com.xuecheng.system.mapper.DictionaryMapper.deleteByMap
2024-07-03 15:00:06,905 DEBUG [main][MybatisConfiguration.java:128] - addMappedStatement: com.xuecheng.system.mapper.DictionaryMapper.deleteById
2024-07-03 15:00:06,905 DEBUG [main][MybatisConfiguration.java:128] - addMappedStatement: com.xuecheng.system.mapper.DictionaryMapper.deleteById
2024-07-03 15:00:06,907 DEBUG [main][MybatisConfiguration.java:128] - addMappedStatement: com.xuecheng.system.mapper.DictionaryMapper.deleteBatchIds
2024-07-03 15:00:06,907 DEBUG [main][MybatisConfiguration.java:128] - addMappedStatement: com.xuecheng.system.mapper.DictionaryMapper.deleteBatchIds
2024-07-03 15:00:06,910 DEBUG [main][MybatisConfiguration.java:128] - addMappedStatement: com.xuecheng.system.mapper.DictionaryMapper.update
2024-07-03 15:00:06,910 DEBUG [main][MybatisConfiguration.java:128] - addMappedStatement: com.xuecheng.system.mapper.DictionaryMapper.update
2024-07-03 15:00:06,911 DEBUG [main][MybatisConfiguration.java:128] - addMappedStatement: com.xuecheng.system.mapper.DictionaryMapper.updateById
2024-07-03 15:00:06,911 DEBUG [main][MybatisConfiguration.java:128] - addMappedStatement: com.xuecheng.system.mapper.DictionaryMapper.updateById
2024-07-03 15:00:06,912 DEBUG [main][MybatisConfiguration.java:128] - addMappedStatement: com.xuecheng.system.mapper.DictionaryMapper.selectById
2024-07-03 15:00:06,912 DEBUG [main][MybatisConfiguration.java:128] - addMappedStatement: com.xuecheng.system.mapper.DictionaryMapper.selectById
2024-07-03 15:00:06,914 DEBUG [main][MybatisConfiguration.java:128] - addMappedStatement: com.xuecheng.system.mapper.DictionaryMapper.selectBatchIds
2024-07-03 15:00:06,914 DEBUG [main][MybatisConfiguration.java:128] - addMappedStatement: com.xuecheng.system.mapper.DictionaryMapper.selectBatchIds
2024-07-03 15:00:06,915 DEBUG [main][MybatisConfiguration.java:128] - addMappedStatement: com.xuecheng.system.mapper.DictionaryMapper.selectByMap
2024-07-03 15:00:06,915 DEBUG [main][MybatisConfiguration.java:128] - addMappedStatement: com.xuecheng.system.mapper.DictionaryMapper.selectByMap
2024-07-03 15:00:06,916 DEBUG [main][MybatisConfiguration.java:128] - addMappedStatement: com.xuecheng.system.mapper.DictionaryMapper.selectOne
2024-07-03 15:00:06,916 DEBUG [main][MybatisConfiguration.java:128] - addMappedStatement: com.xuecheng.system.mapper.DictionaryMapper.selectOne
2024-07-03 15:00:06,918 DEBUG [main][MybatisConfiguration.java:128] - addMappedStatement: com.xuecheng.system.mapper.DictionaryMapper.selectCount
2024-07-03 15:00:06,918 DEBUG [main][MybatisConfiguration.java:128] - addMappedStatement: com.xuecheng.system.mapper.DictionaryMapper.selectCount
2024-07-03 15:00:06,919 DEBUG [main][MybatisConfiguration.java:128] - addMappedStatement: com.xuecheng.system.mapper.DictionaryMapper.selectMaps
2024-07-03 15:00:06,919 DEBUG [main][MybatisConfiguration.java:128] - addMappedStatement: com.xuecheng.system.mapper.DictionaryMapper.selectMaps
2024-07-03 15:00:06,921 DEBUG [main][MybatisConfiguration.java:128] - addMappedStatement: com.xuecheng.system.mapper.DictionaryMapper.selectMapsPage
2024-07-03 15:00:06,921 DEBUG [main][MybatisConfiguration.java:128] - addMappedStatement: com.xuecheng.system.mapper.DictionaryMapper.selectMapsPage
2024-07-03 15:00:06,922 DEBUG [main][MybatisConfiguration.java:128] - addMappedStatement: com.xuecheng.system.mapper.DictionaryMapper.selectObjs
2024-07-03 15:00:06,922 DEBUG [main][MybatisConfiguration.java:128] - addMappedStatement: com.xuecheng.system.mapper.DictionaryMapper.selectObjs
2024-07-03 15:00:06,924 DEBUG [main][MybatisConfiguration.java:128] - addMappedStatement: com.xuecheng.system.mapper.DictionaryMapper.selectList
2024-07-03 15:00:06,924 DEBUG [main][MybatisConfiguration.java:128] - addMappedStatement: com.xuecheng.system.mapper.DictionaryMapper.selectList
2024-07-03 15:00:06,925 DEBUG [main][MybatisConfiguration.java:128] - addMappedStatement: com.xuecheng.system.mapper.DictionaryMapper.selectPage
2024-07-03 15:00:06,925 DEBUG [main][MybatisConfiguration.java:128] - addMappedStatement: com.xuecheng.system.mapper.DictionaryMapper.selectPage
2024-07-03 15:00:07,180 INFO [main][PropertySourcedRequestMappingHandlerMapping.java:69] - Mapped URL path [/v2/api-docs] onto method [springfox.documentation.swagger2.web.Swagger2Controller#getDocumentation(String, HttpServletRequest)]
2024-07-03 15:00:07,180 INFO [main][PropertySourcedRequestMappingHandlerMapping.java:69] - Mapped URL path [/v2/api-docs] onto method [springfox.documentation.swagger2.web.Swagger2Controller#getDocumentation(String, HttpServletRequest)]
2024-07-03 15:00:07,204 DEBUG [main][ResourceBundleMessageInterpolator.java:172] - Loaded expression factory via original TCCL
2024-07-03 15:00:07,204 DEBUG [main][ResourceBundleMessageInterpolator.java:172] - Loaded expression factory via original TCCL
2024-07-03 15:00:07,205 DEBUG [main][AbstractConfigurationImpl.java:171] - Setting custom MessageInterpolator of type org.springframework.validation.beanvalidation.LocaleContextMessageInterpolator
2024-07-03 15:00:07,205 DEBUG [main][AbstractConfigurationImpl.java:171] - Setting custom MessageInterpolator of type org.springframework.validation.beanvalidation.LocaleContextMessageInterpolator
2024-07-03 15:00:07,205 DEBUG [main][AbstractConfigurationImpl.java:203] - Setting custom ConstraintValidatorFactory of type org.springframework.validation.beanvalidation.SpringConstraintValidatorFactory
2024-07-03 15:00:07,205 DEBUG [main][AbstractConfigurationImpl.java:203] - Setting custom ConstraintValidatorFactory of type org.springframework.validation.beanvalidation.SpringConstraintValidatorFactory
2024-07-03 15:00:07,206 DEBUG [main][AbstractConfigurationImpl.java:217] - Setting custom ParameterNameProvider of type org.springframework.validation.beanvalidation.LocalValidatorFactoryBean$1
2024-07-03 15:00:07,206 DEBUG [main][AbstractConfigurationImpl.java:217] - Setting custom ParameterNameProvider of type org.springframework.validation.beanvalidation.LocalValidatorFactoryBean$1
2024-07-03 15:00:07,207 DEBUG [main][ValidationXmlParser.java:120] - Trying to load META-INF/validation.xml for XML based Validator configuration.
2024-07-03 15:00:07,207 DEBUG [main][ValidationXmlParser.java:120] - Trying to load META-INF/validation.xml for XML based Validator configuration.
2024-07-03 15:00:07,207 DEBUG [main][ResourceLoaderHelper.java:53] - Trying to load META-INF/validation.xml via user class loader
2024-07-03 15:00:07,207 DEBUG [main][ResourceLoaderHelper.java:53] - Trying to load META-INF/validation.xml via user class loader
2024-07-03 15:00:07,207 DEBUG [main][ResourceLoaderHelper.java:60] - Trying to load META-INF/validation.xml via TCCL
2024-07-03 15:00:07,207 DEBUG [main][ResourceLoaderHelper.java:60] - Trying to load META-INF/validation.xml via TCCL
2024-07-03 15:00:07,207 DEBUG [main][ResourceLoaderHelper.java:66] - Trying to load META-INF/validation.xml via Hibernate Validator's class loader
2024-07-03 15:00:07,207 DEBUG [main][ResourceLoaderHelper.java:66] - Trying to load META-INF/validation.xml via Hibernate Validator's class loader
2024-07-03 15:00:07,207 DEBUG [main][ValidationXmlParser.java:127] - No META-INF/validation.xml found. Using annotation based configuration only.
2024-07-03 15:00:07,207 DEBUG [main][ValidationXmlParser.java:127] - No META-INF/validation.xml found. Using annotation based configuration only.
2024-07-03 15:00:07,209 DEBUG [main][TraversableResolvers.java:60] - Cannot find javax.persistence.Persistence on classpath. Assuming non JPA 2 environment. All properties will per default be traversable.
2024-07-03 15:00:07,209 DEBUG [main][TraversableResolvers.java:60] - Cannot find javax.persistence.Persistence on classpath. Assuming non JPA 2 environment. All properties will per default be traversable.
2024-07-03 15:00:07,209 DEBUG [main][ValidatorFactoryConfigurationHelper.java:300] - HV000252: Using org.hibernate.validator.internal.engine.DefaultPropertyNodeNameProvider as property node name provider.
2024-07-03 15:00:07,209 DEBUG [main][ValidatorFactoryConfigurationHelper.java:300] - HV000252: Using org.hibernate.validator.internal.engine.DefaultPropertyNodeNameProvider as property node name provider.
2024-07-03 15:00:07,210 DEBUG [main][ValidatorFactoryConfigurationHelper.java:375] - HV000234: Using org.springframework.validation.beanvalidation.LocaleContextMessageInterpolator as ValidatorFactory-scoped message interpolator.
2024-07-03 15:00:07,210 DEBUG [main][ValidatorFactoryConfigurationHelper.java:375] - HV000234: Using org.springframework.validation.beanvalidation.LocaleContextMessageInterpolator as ValidatorFactory-scoped message interpolator.
2024-07-03 15:00:07,210 DEBUG [main][ValidatorFactoryConfigurationHelper.java:376] - HV000234: Using org.hibernate.validator.internal.engine.resolver.TraverseAllTraversableResolver as ValidatorFactory-scoped traversable resolver.
2024-07-03 15:00:07,210 DEBUG [main][ValidatorFactoryConfigurationHelper.java:376] - HV000234: Using org.hibernate.validator.internal.engine.resolver.TraverseAllTraversableResolver as ValidatorFactory-scoped traversable resolver.
2024-07-03 15:00:07,210 DEBUG [main][ValidatorFactoryConfigurationHelper.java:377] - HV000234: Using org.hibernate.validator.internal.util.ExecutableParameterNameProvider as ValidatorFactory-scoped parameter name provider.
2024-07-03 15:00:07,210 DEBUG [main][ValidatorFactoryConfigurationHelper.java:377] - HV000234: Using org.hibernate.validator.internal.util.ExecutableParameterNameProvider as ValidatorFactory-scoped parameter name provider.
2024-07-03 15:00:07,210 DEBUG [main][ValidatorFactoryConfigurationHelper.java:378] - HV000234: Using org.hibernate.validator.internal.engine.DefaultClockProvider as ValidatorFactory-scoped clock provider.
2024-07-03 15:00:07,210 DEBUG [main][ValidatorFactoryConfigurationHelper.java:378] - HV000234: Using org.hibernate.validator.internal.engine.DefaultClockProvider as ValidatorFactory-scoped clock provider.
2024-07-03 15:00:07,210 DEBUG [main][ValidatorFactoryConfigurationHelper.java:379] - HV000234: Using org.hibernate.validator.internal.engine.scripting.DefaultScriptEvaluatorFactory as ValidatorFactory-scoped script evaluator factory.
2024-07-03 15:00:07,210 DEBUG [main][ValidatorFactoryConfigurationHelper.java:379] - HV000234: Using org.hibernate.validator.internal.engine.scripting.DefaultScriptEvaluatorFactory as ValidatorFactory-scoped script evaluator factory.
2024-07-03 15:00:07,266 INFO [main][ExecutorConfigurationSupport.java:181] - Initializing ExecutorService 'applicationTaskExecutor'
2024-07-03 15:00:07,266 INFO [main][ExecutorConfigurationSupport.java:181] - Initializing ExecutorService 'applicationTaskExecutor'
2024-07-03 15:00:07,345 INFO [main][ExecutorConfigurationSupport.java:181] - Initializing ExecutorService 'taskScheduler'
2024-07-03 15:00:07,345 INFO [main][ExecutorConfigurationSupport.java:181] - Initializing ExecutorService 'taskScheduler'
2024-07-03 15:00:07,385 INFO [main][DirectJDKLog.java:173] - Starting ProtocolHandler ["http-nio-63110"]
2024-07-03 15:00:07,385 INFO [main][DirectJDKLog.java:173] - Starting ProtocolHandler ["http-nio-63110"]
2024-07-03 15:00:07,426 INFO [main][TomcatWebServer.java:220] - Tomcat started on port(s): 63110 (http) with context path '/system'
2024-07-03 15:00:07,426 INFO [main][TomcatWebServer.java:220] - Tomcat started on port(s): 63110 (http) with context path '/system'
2024-07-03 15:00:07,428 INFO [main][DocumentationPluginsBootstrapper.java:160] - Context refreshed
2024-07-03 15:00:07,428 INFO [main][DocumentationPluginsBootstrapper.java:160] - Context refreshed
2024-07-03 15:00:07,436 INFO [main][DocumentationPluginsBootstrapper.java:163] - Found 1 custom documentation plugin(s)
2024-07-03 15:00:07,436 INFO [main][DocumentationPluginsBootstrapper.java:163] - Found 1 custom documentation plugin(s)
2024-07-03 15:00:07,458 INFO [main][ApiListingReferenceScanner.java:41] - Scanning for api listing references
2024-07-03 15:00:07,458 INFO [main][ApiListingReferenceScanner.java:41] - Scanning for api listing references
2024-07-03 15:00:07,534 INFO [main][StartupInfoLogger.java:61] - Started SystemApplication in 2.509 seconds (JVM running for 3.033)
2024-07-03 15:00:07,534 INFO [main][StartupInfoLogger.java:61] - Started SystemApplication in 2.509 seconds (JVM running for 3.033)
2024-07-03 15:00:12,552 INFO [http-nio-63110-exec-1][DirectJDKLog.java:173] - Initializing Spring DispatcherServlet 'dispatcherServlet'
2024-07-03 15:00:12,552 INFO [http-nio-63110-exec-1][DirectJDKLog.java:173] - Initializing Spring DispatcherServlet 'dispatcherServlet'
2024-07-03 15:00:12,552 INFO [http-nio-63110-exec-1][FrameworkServlet.java:525] - Initializing Servlet 'dispatcherServlet'
2024-07-03 15:00:12,552 INFO [http-nio-63110-exec-1][FrameworkServlet.java:525] - Initializing Servlet 'dispatcherServlet'
2024-07-03 15:00:12,556 INFO [http-nio-63110-exec-1][FrameworkServlet.java:547] - Completed initialization in 4 ms
2024-07-03 15:00:12,556 INFO [http-nio-63110-exec-1][FrameworkServlet.java:547] - Completed initialization in 4 ms
2024-07-03 15:00:12,628 DEBUG [http-nio-63110-exec-2][HikariConfig.java:1066] - HikariPool-1 - configuration:
2024-07-03 15:00:12,628 DEBUG [http-nio-63110-exec-2][HikariConfig.java:1066] - HikariPool-1 - configuration:
2024-07-03 15:00:12,630 DEBUG [http-nio-63110-exec-2][HikariConfig.java:1098] - allowPoolSuspension.............false
2024-07-03 15:00:12,630 DEBUG [http-nio-63110-exec-2][HikariConfig.java:1098] - allowPoolSuspension.............false
2024-07-03 15:00:12,630 DEBUG [http-nio-63110-exec-2][HikariConfig.java:1098] - autoCommit......................true
2024-07-03 15:00:12,630 DEBUG [http-nio-63110-exec-2][HikariConfig.java:1098] - autoCommit......................true
2024-07-03 15:00:12,630 DEBUG [http-nio-63110-exec-2][HikariConfig.java:1098] - catalog.........................none
2024-07-03 15:00:12,630 DEBUG [http-nio-63110-exec-2][HikariConfig.java:1098] - catalog.........................none
2024-07-03 15:00:12,630 DEBUG [http-nio-63110-exec-2][HikariConfig.java:1098] - connectionInitSql...............none
2024-07-03 15:00:12,630 DEBUG [http-nio-63110-exec-2][HikariConfig.java:1098] - connectionInitSql...............none
2024-07-03 15:00:12,630 DEBUG [http-nio-63110-exec-2][HikariConfig.java:1098] - connectionTestQuery.............none
2024-07-03 15:00:12,630 DEBUG [http-nio-63110-exec-2][HikariConfig.java:1098] - connectionTestQuery.............none
2024-07-03 15:00:12,630 DEBUG [http-nio-63110-exec-2][HikariConfig.java:1098] - connectionTimeout...............30000
2024-07-03 15:00:12,630 DEBUG [http-nio-63110-exec-2][HikariConfig.java:1098] - connectionTimeout...............30000
2024-07-03 15:00:12,630 DEBUG [http-nio-63110-exec-2][HikariConfig.java:1098] - dataSource......................none
2024-07-03 15:00:12,630 DEBUG [http-nio-63110-exec-2][HikariConfig.java:1098] - dataSource......................none
2024-07-03 15:00:12,630 DEBUG [http-nio-63110-exec-2][HikariConfig.java:1098] - dataSourceClassName.............none
2024-07-03 15:00:12,630 DEBUG [http-nio-63110-exec-2][HikariConfig.java:1098] - dataSourceClassName.............none
2024-07-03 15:00:12,630 DEBUG [http-nio-63110-exec-2][HikariConfig.java:1098] - dataSourceJNDI..................none
2024-07-03 15:00:12,630 DEBUG [http-nio-63110-exec-2][HikariConfig.java:1098] - dataSourceJNDI..................none
2024-07-03 15:00:12,631 DEBUG [http-nio-63110-exec-2][HikariConfig.java:1098] - dataSourceProperties............{password=<masked>}
2024-07-03 15:00:12,631 DEBUG [http-nio-63110-exec-2][HikariConfig.java:1098] - dataSourceProperties............{password=<masked>}
2024-07-03 15:00:12,631 DEBUG [http-nio-63110-exec-2][HikariConfig.java:1098] - driverClassName................."com.mysql.cj.jdbc.Driver"
2024-07-03 15:00:12,631 DEBUG [http-nio-63110-exec-2][HikariConfig.java:1098] - driverClassName................."com.mysql.cj.jdbc.Driver"
2024-07-03 15:00:12,631 DEBUG [http-nio-63110-exec-2][HikariConfig.java:1098] - exceptionOverrideClassName......none
2024-07-03 15:00:12,631 DEBUG [http-nio-63110-exec-2][HikariConfig.java:1098] - exceptionOverrideClassName......none
2024-07-03 15:00:12,631 DEBUG [http-nio-63110-exec-2][HikariConfig.java:1098] - healthCheckProperties...........{}
2024-07-03 15:00:12,631 DEBUG [http-nio-63110-exec-2][HikariConfig.java:1098] - healthCheckProperties...........{}
2024-07-03 15:00:12,631 DEBUG [http-nio-63110-exec-2][HikariConfig.java:1098] - healthCheckRegistry.............none
2024-07-03 15:00:12,631 DEBUG [http-nio-63110-exec-2][HikariConfig.java:1098] - healthCheckRegistry.............none
2024-07-03 15:00:12,632 DEBUG [http-nio-63110-exec-2][HikariConfig.java:1098] - idleTimeout.....................600000
2024-07-03 15:00:12,632 DEBUG [http-nio-63110-exec-2][HikariConfig.java:1098] - idleTimeout.....................600000
2024-07-03 15:00:12,632 DEBUG [http-nio-63110-exec-2][HikariConfig.java:1098] - initializationFailTimeout.......1
2024-07-03 15:00:12,632 DEBUG [http-nio-63110-exec-2][HikariConfig.java:1098] - initializationFailTimeout.......1
2024-07-03 15:00:12,632 DEBUG [http-nio-63110-exec-2][HikariConfig.java:1098] - isolateInternalQueries..........false
2024-07-03 15:00:12,632 DEBUG [http-nio-63110-exec-2][HikariConfig.java:1098] - isolateInternalQueries..........false
2024-07-03 15:00:12,632 DEBUG [http-nio-63110-exec-2][HikariConfig.java:1098] - jdbcUrl.........................jdbc:mysql://192.168.101.65:3306/xcplus_system?serverTimezone=UTC&userUnicode=true&useSSL=false&
2024-07-03 15:00:12,632 DEBUG [http-nio-63110-exec-2][HikariConfig.java:1098] - jdbcUrl.........................jdbc:mysql://192.168.101.65:3306/xcplus_system?serverTimezone=UTC&userUnicode=true&useSSL=false&
2024-07-03 15:00:12,632 DEBUG [http-nio-63110-exec-2][HikariConfig.java:1098] - leakDetectionThreshold..........0
2024-07-03 15:00:12,632 DEBUG [http-nio-63110-exec-2][HikariConfig.java:1098] - leakDetectionThreshold..........0
2024-07-03 15:00:12,633 DEBUG [http-nio-63110-exec-2][HikariConfig.java:1098] - maxLifetime.....................1800000
2024-07-03 15:00:12,633 DEBUG [http-nio-63110-exec-2][HikariConfig.java:1098] - maxLifetime.....................1800000
2024-07-03 15:00:12,633 DEBUG [http-nio-63110-exec-2][HikariConfig.java:1098] - maximumPoolSize.................10
2024-07-03 15:00:12,633 DEBUG [http-nio-63110-exec-2][HikariConfig.java:1098] - maximumPoolSize.................10
2024-07-03 15:00:12,633 DEBUG [http-nio-63110-exec-2][HikariConfig.java:1098] - metricRegistry..................none
2024-07-03 15:00:12,633 DEBUG [http-nio-63110-exec-2][HikariConfig.java:1098] - metricRegistry..................none
2024-07-03 15:00:12,633 DEBUG [http-nio-63110-exec-2][HikariConfig.java:1098] - metricsTrackerFactory...........none
2024-07-03 15:00:12,633 DEBUG [http-nio-63110-exec-2][HikariConfig.java:1098] - metricsTrackerFactory...........none
2024-07-03 15:00:12,633 DEBUG [http-nio-63110-exec-2][HikariConfig.java:1098] - minimumIdle.....................10
2024-07-03 15:00:12,633 DEBUG [http-nio-63110-exec-2][HikariConfig.java:1098] - minimumIdle.....................10
2024-07-03 15:00:12,633 DEBUG [http-nio-63110-exec-2][HikariConfig.java:1098] - password........................<masked>
2024-07-03 15:00:12,633 DEBUG [http-nio-63110-exec-2][HikariConfig.java:1098] - password........................<masked>
2024-07-03 15:00:12,633 DEBUG [http-nio-63110-exec-2][HikariConfig.java:1098] - poolName........................"HikariPool-1"
2024-07-03 15:00:12,633 DEBUG [http-nio-63110-exec-2][HikariConfig.java:1098] - poolName........................"HikariPool-1"
2024-07-03 15:00:12,634 DEBUG [http-nio-63110-exec-2][HikariConfig.java:1098] - readOnly........................false
2024-07-03 15:00:12,634 DEBUG [http-nio-63110-exec-2][HikariConfig.java:1098] - readOnly........................false
2024-07-03 15:00:12,634 DEBUG [http-nio-63110-exec-2][HikariConfig.java:1098] - registerMbeans..................false
2024-07-03 15:00:12,634 DEBUG [http-nio-63110-exec-2][HikariConfig.java:1098] - registerMbeans..................false
2024-07-03 15:00:12,634 DEBUG [http-nio-63110-exec-2][HikariConfig.java:1098] - scheduledExecutor...............none
2024-07-03 15:00:12,634 DEBUG [http-nio-63110-exec-2][HikariConfig.java:1098] - scheduledExecutor...............none
2024-07-03 15:00:12,634 DEBUG [http-nio-63110-exec-2][HikariConfig.java:1098] - schema..........................none
2024-07-03 15:00:12,634 DEBUG [http-nio-63110-exec-2][HikariConfig.java:1098] - schema..........................none
2024-07-03 15:00:12,634 DEBUG [http-nio-63110-exec-2][HikariConfig.java:1098] - threadFactory...................internal
2024-07-03 15:00:12,634 DEBUG [http-nio-63110-exec-2][HikariConfig.java:1098] - threadFactory...................internal
2024-07-03 15:00:12,634 DEBUG [http-nio-63110-exec-2][HikariConfig.java:1098] - transactionIsolation............default
2024-07-03 15:00:12,634 DEBUG [http-nio-63110-exec-2][HikariConfig.java:1098] - transactionIsolation............default
2024-07-03 15:00:12,634 DEBUG [http-nio-63110-exec-2][HikariConfig.java:1098] - username........................"root"
2024-07-03 15:00:12,634 DEBUG [http-nio-63110-exec-2][HikariConfig.java:1098] - username........................"root"
2024-07-03 15:00:12,634 DEBUG [http-nio-63110-exec-2][HikariConfig.java:1098] - validationTimeout...............5000
2024-07-03 15:00:12,634 DEBUG [http-nio-63110-exec-2][HikariConfig.java:1098] - validationTimeout...............5000
2024-07-03 15:00:12,634 INFO [http-nio-63110-exec-2][HikariDataSource.java:110] - HikariPool-1 - Starting...
2024-07-03 15:00:12,634 INFO [http-nio-63110-exec-2][HikariDataSource.java:110] - HikariPool-1 - Starting...
2024-07-03 15:00:12,731 DEBUG [http-nio-63110-exec-2][HikariPool.java:564] - HikariPool-1 - Added connection com.mysql.cj.jdbc.ConnectionImpl@32b5211f
2024-07-03 15:00:12,731 DEBUG [http-nio-63110-exec-2][HikariPool.java:564] - HikariPool-1 - Added connection com.mysql.cj.jdbc.ConnectionImpl@32b5211f
2024-07-03 15:00:12,732 INFO [http-nio-63110-exec-2][HikariDataSource.java:123] - HikariPool-1 - Start completed.
2024-07-03 15:00:12,732 INFO [http-nio-63110-exec-2][HikariDataSource.java:123] - HikariPool-1 - Start completed.
2024-07-03 15:00:12,737 DEBUG [http-nio-63110-exec-2][BaseJdbcLogger.java:137] - ==>  Preparing: SELECT id,name,code,item_values FROM dictionary
2024-07-03 15:00:12,737 DEBUG [http-nio-63110-exec-2][BaseJdbcLogger.java:137] - ==>  Preparing: SELECT id,name,code,item_values FROM dictionary
2024-07-03 15:00:12,753 DEBUG [http-nio-63110-exec-2][BaseJdbcLogger.java:137] - ==> Parameters: 
2024-07-03 15:00:12,753 DEBUG [http-nio-63110-exec-2][BaseJdbcLogger.java:137] - ==> Parameters: 
2024-07-03 15:00:12,780 DEBUG [http-nio-63110-exec-2][BaseJdbcLogger.java:137] - <==      Total: 17
2024-07-03 15:00:12,780 DEBUG [http-nio-63110-exec-2][BaseJdbcLogger.java:137] - <==      Total: 17
2024-07-03 15:00:12,847 DEBUG [HikariPool-1 housekeeper][HikariPool.java:421] - HikariPool-1 - Pool stats (total=1, active=0, idle=1, waiting=0)
2024-07-03 15:00:12,847 DEBUG [HikariPool-1 housekeeper][HikariPool.java:421] - HikariPool-1 - Pool stats (total=1, active=0, idle=1, waiting=0)
2024-07-03 15:00:12,852 DEBUG [HikariPool-1 connection adder][HikariPool.java:728] - HikariPool-1 - Added connection com.mysql.cj.jdbc.ConnectionImpl@a2e9091
2024-07-03 15:00:12,852 DEBUG [HikariPool-1 connection adder][HikariPool.java:728] - HikariPool-1 - Added connection com.mysql.cj.jdbc.ConnectionImpl@a2e9091
2024-07-03 15:00:12,859 DEBUG [HikariPool-1 connection adder][HikariPool.java:728] - HikariPool-1 - Added connection com.mysql.cj.jdbc.ConnectionImpl@4b139aaa
2024-07-03 15:00:12,859 DEBUG [HikariPool-1 connection adder][HikariPool.java:728] - HikariPool-1 - Added connection com.mysql.cj.jdbc.ConnectionImpl@4b139aaa
2024-07-03 15:00:12,864 DEBUG [HikariPool-1 connection adder][HikariPool.java:728] - HikariPool-1 - Added connection com.mysql.cj.jdbc.ConnectionImpl@7a92352b
2024-07-03 15:00:12,864 DEBUG [HikariPool-1 connection adder][HikariPool.java:728] - HikariPool-1 - Added connection com.mysql.cj.jdbc.ConnectionImpl@7a92352b
2024-07-03 15:00:12,869 DEBUG [HikariPool-1 connection adder][HikariPool.java:728] - HikariPool-1 - Added connection com.mysql.cj.jdbc.ConnectionImpl@2b3c65e5
2024-07-03 15:00:12,869 DEBUG [HikariPool-1 connection adder][HikariPool.java:728] - HikariPool-1 - Added connection com.mysql.cj.jdbc.ConnectionImpl@2b3c65e5
2024-07-03 15:00:12,874 DEBUG [HikariPool-1 connection adder][HikariPool.java:728] - HikariPool-1 - Added connection com.mysql.cj.jdbc.ConnectionImpl@70231dc7
2024-07-03 15:00:12,874 DEBUG [HikariPool-1 connection adder][HikariPool.java:728] - HikariPool-1 - Added connection com.mysql.cj.jdbc.ConnectionImpl@70231dc7
2024-07-03 15:00:12,880 DEBUG [HikariPool-1 connection adder][HikariPool.java:728] - HikariPool-1 - Added connection com.mysql.cj.jdbc.ConnectionImpl@2f723a68
2024-07-03 15:00:12,880 DEBUG [HikariPool-1 connection adder][HikariPool.java:728] - HikariPool-1 - Added connection com.mysql.cj.jdbc.ConnectionImpl@2f723a68
2024-07-03 15:00:12,885 DEBUG [HikariPool-1 connection adder][HikariPool.java:728] - HikariPool-1 - Added connection com.mysql.cj.jdbc.ConnectionImpl@54b9b08c
2024-07-03 15:00:12,885 DEBUG [HikariPool-1 connection adder][HikariPool.java:728] - HikariPool-1 - Added connection com.mysql.cj.jdbc.ConnectionImpl@54b9b08c
2024-07-03 15:00:12,892 DEBUG [HikariPool-1 connection adder][HikariPool.java:728] - HikariPool-1 - Added connection com.mysql.cj.jdbc.ConnectionImpl@13b2436a
2024-07-03 15:00:12,892 DEBUG [HikariPool-1 connection adder][HikariPool.java:728] - HikariPool-1 - Added connection com.mysql.cj.jdbc.ConnectionImpl@13b2436a
2024-07-03 15:00:12,897 DEBUG [HikariPool-1 connection adder][HikariPool.java:728] - HikariPool-1 - Added connection com.mysql.cj.jdbc.ConnectionImpl@f1c5cce
2024-07-03 15:00:12,897 DEBUG [HikariPool-1 connection adder][HikariPool.java:728] - HikariPool-1 - Added connection com.mysql.cj.jdbc.ConnectionImpl@f1c5cce
2024-07-03 15:00:12,898 DEBUG [HikariPool-1 connection adder][HikariPool.java:421] - HikariPool-1 - After adding stats (total=10, active=0, idle=10, waiting=0)
2024-07-03 15:00:12,898 DEBUG [HikariPool-1 connection adder][HikariPool.java:421] - HikariPool-1 - After adding stats (total=10, active=0, idle=10, waiting=0)
